Device: cuda
blueberry_healthy
apple_black_rot
grape_black_measles
tomato_target_spot
apple_apple_scab
tomato_late_blight
apple_healthy
tomato_leaf_mold
tomato_bacterial_spot
grape_leaf_blight
grape_healthy
potato_early_blight
grape_black_rot
tomato_spider_mites
tomato_mosaic_virus
tomato_early_blight
peach_healthy
potato_late_blight
tomato_healthy
pepper_bell_bacterial_spot
pepper_bell_healthy
strawberry_healthy
raspberry_healthy
soybean_healthy
cherry_powdery_mildew
peach_bacterial_spot
corn_common_rust
strawberry_leaf_scorch
orange_haunglongbing
cherry_healthy
corn_healthy
squash_powdery_mildew
corn_gray_leaf_spot
tomato_septoria_leaf_spot
corn_northern_leaf_blight
potato_healthy
apple_cedar_apple_rust
tomato_yellow_leaf_curl_virus
Fold 1
train_acc: 98.34 val_acc: 97.32
Fold 2
train_acc: 98.36 val_acc: 97.50
Fold 3
train_acc: 98.48 val_acc: 98.10
Fold 4
train_acc: 98.61 val_acc: 97.32
Fold 5
train_acc: 98.69 val_acc: 97.83
Fold 6
train_acc: 98.50 val_acc: 97.52
Fold 7
train_acc: 98.27 val_acc: 97.20
Fold 8
train_acc: 98.40 val_acc: 97.67
Fold 9
train_acc: 98.47 val_acc: 97.99
Fold 10
train_acc: 98.42 val_acc: 97.65
Fold 1
train_acc: 82.66 val_acc: 84.35
Fold 2
train_acc: 84.10 val_acc: 85.21
Fold 3
train_acc: 83.92 val_acc: 85.23
Fold 4
train_acc: 83.86 val_acc: 86.29
Fold 5
train_acc: 83.50 val_acc: 86.07
Fold 6
train_acc: 83.06 val_acc: 85.08
Fold 7
train_acc: 84.12 val_acc: 85.84
Fold 8
train_acc: 84.64 val_acc: 86.84
Fold 9
train_acc: 84.46 val_acc: 85.78
Fold 10
train_acc: 83.17 val_acc: 84.71
Fold 1
train_acc: 90.36 val_acc: 90.98
Fold 2
train_acc: 87.83 val_acc: 88.32
Fold 3
train_acc: 91.39 val_acc: 91.73
Fold 4
train_acc: 10.22 val_acc: 10.29
Fold 5
train_acc: 92.84 val_acc: 93.47
Fold 6
train_acc: 87.02 val_acc: 88.32
Fold 7
train_acc: 93.77 val_acc: 93.72
Fold 8
train_acc: 91.57 val_acc: 92.16
Fold 9
train_acc: 80.13 val_acc: 80.25
Fold 10
train_acc: 93.16 val_acc: 93.62
Fold 1
train_acc: 23.99 val_acc: 24.35
Fold 2
train_acc: 10.18 val_acc: 3.21
Fold 3
train_acc: 10.12 val_acc: 10.52
Fold 4
train_acc: 10.13 val_acc: 3.56
Fold 5
train_acc: 10.23 val_acc: 1.72
Fold 6
train_acc: 10.13 val_acc: 10.48
Fold 7
train_acc: 10.14 val_acc: 9.02
Fold 8
train_acc: 18.48 val_acc: 9.47
Fold 9
train_acc: 10.16 val_acc: 3.27
Fold 10
train_acc: 10.18 val_acc: 2.33
Fold 1
train_acc: 10.18 val_acc: 10.17
Fold 2
train_acc: 34.62 val_acc: 40.76
Fold 3
train_acc: 13.36 val_acc: 10.27
Fold 4
train_acc: 10.23 val_acc: 10.29
Fold 5
train_acc: 10.19 val_acc: 9.74
Fold 6
train_acc: 10.14 val_acc: 10.48
Fold 7
train_acc: 10.12 val_acc: 10.37
Fold 8
train_acc: 10.27 val_acc: 9.90
Fold 9
train_acc: 10.26 val_acc: 10.13
Fold 10
train_acc: 10.08 val_acc: 11.05
Fold 1
train_acc: 10.24 val_acc: 10.17
Fold 2
train_acc: 10.11 val_acc: 10.35
Fold 3
train_acc: 10.11 val_acc: 10.52
Fold 4
train_acc: 10.21 val_acc: 10.29
Fold 5
train_acc: 10.20 val_acc: 10.31
Fold 6
train_acc: 10.15 val_acc: 10.48
Fold 7
train_acc: 10.07 val_acc: 10.37
Fold 8
train_acc: 10.24 val_acc: 9.90
Fold 9
train_acc: 10.22 val_acc: 10.13
Fold 10
train_acc: 10.14 val_acc: 11.05
Fold 1
train_acc: 15.91 val_acc: 18.23
Fold 2
train_acc: 10.05 val_acc: 10.35
Fold 3
train_acc: 10.22 val_acc: 10.52
Fold 4
train_acc: 10.05 val_acc: 10.29
Fold 5
train_acc: 10.07 val_acc: 10.31
Fold 6
train_acc: 10.03 val_acc: 10.48
Fold 7
train_acc: 10.10 val_acc: 10.37
Fold 8
train_acc: 10.12 val_acc: 9.90
Fold 9
train_acc: 10.07 val_acc: 10.13
Fold 10
train_acc: 16.55 val_acc: 17.23
Fold 1
train_acc: 10.20 val_acc: 10.17
Fold 2
train_acc: 10.14 val_acc: 10.35
Fold 3
train_acc: 10.14 val_acc: 10.52
Fold 4
train_acc: 10.23 val_acc: 10.29
Fold 5
train_acc: 10.22 val_acc: 10.31
Fold 6
train_acc: 44.56 val_acc: 46.94
Fold 7
train_acc: 11.42 val_acc: 10.37
Fold 8
train_acc: 10.28 val_acc: 9.90
Fold 9
train_acc: 10.26 val_acc: 10.13
Fold 10
train_acc: 19.91 val_acc: 31.72
Fold 1
train_acc: 10.07 val_acc: 10.17
Fold 2
train_acc: 10.09 val_acc: 10.35
Fold 3
train_acc: 10.26 val_acc: 10.52
Fold 4
train_acc: 10.14 val_acc: 10.29
Fold 5
train_acc: 11.35 val_acc: 10.31
Fold 6
train_acc: 10.19 val_acc: 10.48
Fold 7
train_acc: 11.12 val_acc: 11.75
Fold 8
train_acc: 10.14 val_acc: 9.90
Fold 9
train_acc: 10.05 val_acc: 10.13
Fold 10
train_acc: 11.02 val_acc: 12.09
Fold 1
train_acc: 10.21 val_acc: 10.17
Fold 2
train_acc: 10.14 val_acc: 10.35
Fold 3
train_acc: 83.22 val_acc: 84.24
Fold 4
train_acc: 10.23 val_acc: 10.29
Fold 5
train_acc: 50.42 val_acc: 50.77
Fold 6
train_acc: 88.18 val_acc: 89.18
Fold 7
train_acc: 10.17 val_acc: 10.37
Fold 8
train_acc: 10.20 val_acc: 9.90
Fold 9
train_acc: 85.14 val_acc: 85.92
Fold 10
train_acc: 82.59 val_acc: 83.20
Fold 1
train_acc: 10.11 val_acc: 10.17
Fold 2
train_acc: 22.48 val_acc: 24.23
Fold 3
train_acc: 17.00 val_acc: 19.11
Fold 4
train_acc: 10.19 val_acc: 10.29
Fold 5
train_acc: 10.24 val_acc: 10.31
Fold 6
train_acc: 11.85 val_acc: 15.72
Fold 7
train_acc: 15.25 val_acc: 10.37
Fold 8
train_acc: 10.30 val_acc: 9.90
Fold 9
train_acc: 16.57 val_acc: 16.96
Fold 10
train_acc: 15.17 val_acc: 12.75
Fold 1
train_acc: 10.10 val_acc: 10.17
Fold 2
train_acc: 10.12 val_acc: 10.35
Fold 3
train_acc: 10.27 val_acc: 10.52
Fold 4
train_acc: 10.18 val_acc: 10.29
Fold 5
train_acc: 10.18 val_acc: 10.31
Fold 6
train_acc: 10.21 val_acc: 10.48
Fold 7
train_acc: 10.18 val_acc: 10.37
Fold 8
train_acc: 10.15 val_acc: 9.90
Fold 9
train_acc: 10.19 val_acc: 10.13
Fold 10
train_acc: 10.09 val_acc: 11.05
Fold 1
train_acc: 10.24 val_acc: 10.17
Fold 2
train_acc: 10.17 val_acc: 9.37
Fold 3
train_acc: 10.11 val_acc: 10.52
Fold 4
train_acc: 10.12 val_acc: 2.03
Fold 5
train_acc: 10.09 val_acc: 4.07
Fold 6
train_acc: 10.17 val_acc: 10.15
Fold 7
train_acc: 10.09 val_acc: 4.01
Fold 8
train_acc: 10.16 val_acc: 8.84
Fold 9
train_acc: 10.12 val_acc: 1.64
Fold 10
train_acc: 10.07 val_acc: 1.68
Fold 1
train_acc: 84.01 val_acc: 85.33
Fold 2
train_acc: 10.15 val_acc: 10.35
Fold 3
train_acc: 10.28 val_acc: 10.27
Fold 4
train_acc: 10.30 val_acc: 10.29
Fold 5
train_acc: 10.18 val_acc: 10.31
Fold 6
train_acc: 10.26 val_acc: 10.48
Fold 7
train_acc: 10.17 val_acc: 10.37
Fold 8
train_acc: 80.71 val_acc: 80.97
Fold 9
train_acc: 10.22 val_acc: 10.13
Fold 10
train_acc: 10.15 val_acc: 11.05
Fold 1
train_acc: 10.17 val_acc: 10.17
Fold 2
train_acc: 10.19 val_acc: 10.35
Fold 3
train_acc: 10.27 val_acc: 10.52
Fold 4
train_acc: 10.24 val_acc: 10.29
Fold 5
train_acc: 10.17 val_acc: 10.31
Fold 6
train_acc: 10.03 val_acc: 10.48
Fold 7
train_acc: 10.05 val_acc: 10.37
Fold 8
train_acc: 10.19 val_acc: 9.90
Fold 9
train_acc: 10.09 val_acc: 10.13
Fold 10
train_acc: 10.18 val_acc: 11.05
Fold 1
train_acc: 10.06 val_acc: 10.17
Fold 2
train_acc: 10.06 val_acc: 10.35
Fold 3
train_acc: 10.01 val_acc: 10.52
Fold 4
train_acc: 10.33 val_acc: 10.29
Fold 5
train_acc: 10.06 val_acc: 10.31
Fold 6
train_acc: 9.99 val_acc: 10.48
Fold 7
train_acc: 10.12 val_acc: 10.37
Fold 8
train_acc: 10.07 val_acc: 9.90
Fold 9
train_acc: 11.03 val_acc: 13.71
Fold 10
train_acc: 10.11 val_acc: 11.05
Fold 1
train_acc: 10.69 val_acc: 10.17
Fold 2
train_acc: 10.21 val_acc: 10.35
Fold 3
train_acc: 10.12 val_acc: 2.07
Fold 4
train_acc: 10.09 val_acc: 4.24
Fold 5
train_acc: 10.17 val_acc: 2.86
Fold 6
train_acc: 10.07 val_acc: 10.48
Fold 7
train_acc: 10.14 val_acc: 10.37
Fold 8
train_acc: 10.25 val_acc: 2.13
Fold 9
train_acc: 10.06 val_acc: 3.40
Fold 10
train_acc: 10.11 val_acc: 11.05
Fold 1
train_acc: 10.15 val_acc: 10.17
Fold 2
train_acc: 10.32 val_acc: 10.35
Fold 3
train_acc: 10.19 val_acc: 10.52
Fold 4
train_acc: 10.29 val_acc: 10.29
Fold 5
train_acc: 10.17 val_acc: 10.31
Fold 6
train_acc: 10.19 val_acc: 10.48
Fold 7
train_acc: 10.17 val_acc: 10.37
Fold 8
train_acc: 10.31 val_acc: 9.90
Fold 9
train_acc: 10.15 val_acc: 10.13
Fold 10
train_acc: 10.18 val_acc: 11.05
Fold 1
train_acc: 83.62 val_acc: 84.55
Fold 2
train_acc: 10.12 val_acc: 10.35
Fold 3
train_acc: 10.27 val_acc: 10.27
Fold 4
train_acc: 10.24 val_acc: 10.29
Fold 5
train_acc: 87.61 val_acc: 89.20
Fold 6
train_acc: 10.19 val_acc: 10.48
Fold 7
train_acc: 10.21 val_acc: 10.37
Fold 8
train_acc: 10.28 val_acc: 9.90
Fold 9
train_acc: 10.19 val_acc: 10.13
Fold 10
train_acc: 10.18 val_acc: 11.05
Fold 1
train_acc: 10.12 val_acc: 10.17
Fold 2
train_acc: 10.17 val_acc: 10.35
Fold 3
train_acc: 10.18 val_acc: 10.52
Fold 4
train_acc: 10.17 val_acc: 10.29
Fold 5
train_acc: 10.21 val_acc: 10.31
Fold 6
train_acc: 10.10 val_acc: 10.48
Fold 7
train_acc: 10.12 val_acc: 10.37
Fold 8
train_acc: 10.19 val_acc: 9.90
Fold 9
train_acc: 10.20 val_acc: 10.13
Fold 10
train_acc: 10.02 val_acc: 11.05
Fold 1
train_acc: 10.19 val_acc: 10.17
Fold 2
train_acc: 93.65 val_acc: 92.49
Fold 3
train_acc: 86.25 val_acc: 86.92
Fold 4
train_acc: 10.37 val_acc: 10.29
Fold 5
train_acc: 94.39 val_acc: 93.90
Fold 6
train_acc: 92.99 val_acc: 93.27
Fold 7
train_acc: 89.39 val_acc: 88.73
Fold 8
train_acc: 91.80 val_acc: 91.82
Fold 9
train_acc: 10.19 val_acc: 10.13
Fold 10
train_acc: 93.81 val_acc: 93.57
Fold 1
train_acc: 10.23 val_acc: 10.17
Fold 2
train_acc: 10.13 val_acc: 10.35
Fold 3
train_acc: 10.21 val_acc: 10.27
Fold 4
train_acc: 10.24 val_acc: 10.29
Fold 5
train_acc: 10.15 val_acc: 10.31
Fold 6
train_acc: 10.12 val_acc: 10.48
Fold 7
train_acc: 10.19 val_acc: 10.37
Fold 8
train_acc: 10.22 val_acc: 9.90
Fold 9
train_acc: 10.14 val_acc: 10.13
Fold 10
train_acc: 10.12 val_acc: 11.05
Fold 1
train_acc: 10.10 val_acc: 10.17
Fold 2
train_acc: 10.10 val_acc: 10.35
Fold 3
train_acc: 10.10 val_acc: 10.52
Fold 4
train_acc: 10.21 val_acc: 10.29
Fold 5
train_acc: 10.25 val_acc: 10.31
Fold 6
train_acc: 10.01 val_acc: 10.48
Fold 7
train_acc: 10.09 val_acc: 10.37
Fold 8
train_acc: 10.12 val_acc: 9.90
Fold 9
train_acc: 10.06 val_acc: 10.13
Fold 10
train_acc: 10.07 val_acc: 11.05
Fold 1
train_acc: 10.16 val_acc: 10.17
Fold 2
train_acc: 10.27 val_acc: 10.35
Fold 3
train_acc: 10.21 val_acc: 10.52
Fold 4
train_acc: 79.53 val_acc: 79.48
Fold 5
train_acc: 10.22 val_acc: 10.31
Fold 6
train_acc: 77.12 val_acc: 79.07
Fold 7
train_acc: 10.15 val_acc: 10.37
Fold 8
train_acc: 10.22 val_acc: 9.90
Fold 9
train_acc: 82.46 val_acc: 81.15
Fold 10
train_acc: 10.09 val_acc: 11.05
Fold 1
train_acc: 10.19 val_acc: 10.17
Fold 2
train_acc: 10.21 val_acc: 10.35
Fold 3
train_acc: 10.13 val_acc: 10.27
Fold 4
train_acc: 10.34 val_acc: 10.29
Fold 5
train_acc: 10.26 val_acc: 10.31
Fold 6
train_acc: 10.14 val_acc: 10.48
Fold 7
train_acc: 10.18 val_acc: 10.37
Fold 8
train_acc: 10.21 val_acc: 9.90
Fold 9
train_acc: 10.21 val_acc: 10.13
Fold 10
train_acc: 10.12 val_acc: 11.05
Fold 1
train_acc: 10.16 val_acc: 10.17
Fold 2
train_acc: 10.08 val_acc: 10.35
Fold 3
train_acc: 10.22 val_acc: 10.52
Fold 4
train_acc: 10.17 val_acc: 10.29
Fold 5
train_acc: 10.18 val_acc: 10.31
Fold 6
train_acc: 10.12 val_acc: 10.48
Fold 7
train_acc: 10.19 val_acc: 10.37
Fold 8
train_acc: 10.25 val_acc: 9.90
Fold 9
train_acc: 10.22 val_acc: 10.13
Fold 10
train_acc: 10.02 val_acc: 11.05
Fold 1
train_acc: 10.20 val_acc: 10.17
Fold 2
train_acc: 10.15 val_acc: 10.35
Fold 3
train_acc: 10.17 val_acc: 10.52
Fold 4
train_acc: 10.32 val_acc: 10.29
Fold 5
train_acc: 84.26 val_acc: 83.38
Fold 6
train_acc: 10.12 val_acc: 10.48
Fold 7
train_acc: 10.24 val_acc: 10.37
Fold 8
train_acc: 86.64 val_acc: 85.61
Fold 9
train_acc: 10.27 val_acc: 10.13
Fold 10
train_acc: 83.26 val_acc: 82.75
Fold 1
train_acc: 10.15 val_acc: 10.17
Fold 2
train_acc: 10.12 val_acc: 10.35
Fold 3
train_acc: 10.22 val_acc: 10.52
Fold 4
train_acc: 10.22 val_acc: 10.29
Fold 5
train_acc: 10.20 val_acc: 10.31
Fold 6
train_acc: 10.04 val_acc: 10.48
Fold 7
train_acc: 10.15 val_acc: 10.37
Fold 8
train_acc: 10.13 val_acc: 9.90
Fold 9
train_acc: 10.23 val_acc: 10.13
Fold 10
train_acc: 10.05 val_acc: 11.05
Fold 1
train_acc: 10.17 val_acc: 10.17
Fold 2
train_acc: 10.28 val_acc: 10.35
Fold 3
train_acc: 10.16 val_acc: 10.27
Fold 4
train_acc: 10.23 val_acc: 10.29
Fold 5
train_acc: 10.20 val_acc: 10.31
Fold 6
train_acc: 10.14 val_acc: 10.48
Fold 7
train_acc: 18.25 val_acc: 18.85
Fold 8
train_acc: 24.55 val_acc: 29.63
Fold 9
train_acc: 10.18 val_acc: 10.13
Fold 10
train_acc: 10.13 val_acc: 11.05
Fold 1
train_acc: 85.23 val_acc: 86.62
Fold 2
train_acc: 79.70 val_acc: 81.20
Fold 3
train_acc: 10.20 val_acc: 10.27
Fold 4
train_acc: 69.49 val_acc: 70.64
Fold 5
train_acc: 90.07 val_acc: 90.08
Fold 6
train_acc: 10.27 val_acc: 10.48
Fold 7
train_acc: 10.10 val_acc: 10.37
Fold 8
train_acc: 91.19 val_acc: 92.22
Fold 9
train_acc: 10.27 val_acc: 10.13
Fold 10
train_acc: 10.14 val_acc: 11.05
Fold 1
train_acc: 10.25 val_acc: 10.17
Fold 2
train_acc: 10.12 val_acc: 10.35
Fold 3
train_acc: 10.11 val_acc: 10.52
Fold 4
train_acc: 10.19 val_acc: 10.29
Fold 5
train_acc: 10.18 val_acc: 10.31
Fold 6
train_acc: 10.04 val_acc: 10.48
Fold 7
train_acc: 10.11 val_acc: 10.37
Fold 8
train_acc: 10.15 val_acc: 9.90
Fold 9
train_acc: 10.08 val_acc: 10.13
Fold 10
train_acc: 10.12 val_acc: 11.05
Fold 1
train_acc: 10.15 val_acc: 10.17
Fold 2
train_acc: 10.13 val_acc: 10.35
Fold 3
train_acc: 10.14 val_acc: 10.52
Fold 4
train_acc: 10.19 val_acc: 10.29
Fold 5
train_acc: 10.09 val_acc: 10.31
Fold 6
train_acc: 10.13 val_acc: 10.48
Fold 7
train_acc: 10.08 val_acc: 10.37
Fold 8
train_acc: 10.19 val_acc: 9.90
Fold 9
train_acc: 10.11 val_acc: 10.13
Fold 10
train_acc: 10.13 val_acc: 11.05
Fold 1
train_acc: 10.16 val_acc: 10.17
Fold 2
train_acc: 10.24 val_acc: 10.35
Fold 3
train_acc: 10.18 val_acc: 10.52
Fold 4
train_acc: 68.14 val_acc: 68.69
Fold 5
train_acc: 10.22 val_acc: 10.31
Fold 6
train_acc: 90.03 val_acc: 90.89
Fold 7
train_acc: 83.77 val_acc: 85.23
Fold 8
train_acc: 10.21 val_acc: 9.90
Fold 9
train_acc: 10.18 val_acc: 10.13
Fold 10
train_acc: 10.08 val_acc: 11.05
Fold 1
train_acc: 10.25 val_acc: 10.17
Fold 2
train_acc: 10.14 val_acc: 10.35
Fold 3
train_acc: 10.19 val_acc: 10.52
Fold 4
train_acc: 84.32 val_acc: 84.65
Fold 5
train_acc: 10.21 val_acc: 10.31
Fold 6
train_acc: 10.19 val_acc: 10.48
Fold 7
train_acc: 83.75 val_acc: 84.14
Fold 8
train_acc: 10.26 val_acc: 9.90
Fold 9
train_acc: 10.23 val_acc: 10.13
Fold 10
train_acc: 10.21 val_acc: 11.05
Fold 1
train_acc: 10.14 val_acc: 10.17
Fold 2
train_acc: 10.15 val_acc: 10.35
Fold 3
train_acc: 10.09 val_acc: 10.52
Fold 4
