[I 2025-08-12 15:32:16,569] A new study created in RDB with name: mandioca_baseline
[I 2025-08-12 15:32:19,365] Trial 0 finished with value: 0.2918410822749138 and parameters: {'conv_layers': 2, 'conv_activation': 'relu', 'conv_kernel_size': 7, 'conv_batchnorm': False, 'adaptive_pool_size': 2, 'lin_layers': 3, 'lin_activation': 'tanh', 'lin_batchnorm': False, 'lr': 0.001}. Best is trial 0 with value: 0.2918410822749138.
[I 2025-08-12 15:32:21,953] Trial 1 finished with value: 0.9556530714035034 and parameters: {'conv_layers': 4, 'conv_activation': 'tanh', 'conv_kernel_size': 7, 'conv_batchnorm': False, 'adaptive_pool_size': 1, 'lin_layers': 2, 'lin_activation': 'tanh', 'lin_batchnorm': False, 'lr': 0.005}. Best is trial 0 with value: 0.2918410822749138.
[I 2025-08-12 15:32:22,767] Trial 2 pruned. 
[I 2025-08-12 15:32:23,225] Trial 3 pruned. 
[I 2025-08-12 15:32:25,943] Trial 4 finished with value: 1.0943343043327332 and parameters: {'conv_layers': 4, 'conv_activation': 'sigmoid', 'conv_kernel_size': 5, 'conv_batchnorm': False, 'adaptive_pool_size': 3, 'lin_layers': 3, 'lin_activation': 'sigmoid', 'lin_batchnorm': False, 'lr': 0.0001}. Best is trial 0 with value: 0.2918410822749138.
[I 2025-08-12 15:32:26,618] Trial 5 pruned. 
[I 2025-08-12 15:32:27,275] Trial 6 pruned. 
[I 2025-08-12 15:32:27,877] Trial 7 pruned. 
[I 2025-08-12 15:32:30,550] Trial 8 finished with value: 1.059395283460617 and parameters: {'conv_layers': 4, 'conv_activation': 'sigmoid', 'conv_kernel_size': 7, 'conv_batchnorm': False, 'adaptive_pool_size': 3, 'lin_layers': 2, 'lin_activation': 'relu', 'lin_batchnorm': False, 'lr': 0.001}. Best is trial 0 with value: 0.2918410822749138.
[I 2025-08-12 15:32:32,842] Trial 9 finished with value: 0.9678069353103638 and parameters: {'conv_layers': 5, 'conv_activation': 'relu', 'conv_kernel_size': 3, 'conv_batchnorm': True, 'adaptive_pool_size': 1, 'lin_layers': 1, 'lin_activation': 'relu', 'lin_batchnorm': False, 'lr': 0.05}. Best is trial 0 with value: 0.2918410822749138.
[I 2025-08-12 15:32:33,349] Trial 10 pruned. 
[I 2025-08-12 15:32:33,753] Trial 11 pruned. 
[I 2025-08-12 15:32:34,199] Trial 12 pruned. 
[I 2025-08-12 15:32:34,848] Trial 13 pruned. 
[I 2025-08-12 15:32:35,467] Trial 14 pruned. 
[I 2025-08-12 15:32:35,939] Trial 15 pruned. 
[I 2025-08-12 15:32:36,364] Trial 16 pruned. 
[I 2025-08-12 15:32:38,559] Trial 17 finished with value: 1.0430461764335632 and parameters: {'conv_layers': 3, 'conv_activation': 'sigmoid', 'conv_kernel_size': 7, 'conv_batchnorm': False, 'adaptive_pool_size': 4, 'lin_layers': 1, 'lin_activation': 'sigmoid', 'lin_batchnorm': False, 'lr': 0.05}. Best is trial 0 with value: 0.2918410822749138.
[I 2025-08-12 15:32:38,989] Trial 18 pruned. 
[I 2025-08-12 15:32:39,525] Trial 19 pruned. 
[I 2025-08-12 15:32:42,000] Trial 20 finished with value: 1.0428885519504547 and parameters: {'conv_layers': 3, 'conv_activation': 'relu', 'conv_kernel_size': 7, 'conv_batchnorm': False, 'adaptive_pool_size': 2, 'lin_layers': 3, 'lin_activation': 'sigmoid', 'lin_batchnorm': False, 'lr': 0.005}. Best is trial 0 with value: 0.2918410822749138.
[I 2025-08-12 15:32:42,456] Trial 21 pruned. 
[I 2025-08-12 15:32:43,115] Trial 22 pruned. 
[I 2025-08-12 15:32:43,787] Trial 23 pruned. 
[I 2025-08-12 15:32:45,730] Trial 24 pruned. 
[I 2025-08-12 15:32:46,442] Trial 25 pruned. 
[I 2025-08-12 15:32:48,201] Trial 26 pruned. 
[I 2025-08-12 15:32:50,715] Trial 27 finished with value: 0.9891023635864258 and parameters: {'conv_layers': 2, 'conv_activation': 'sigmoid', 'conv_kernel_size': 7, 'conv_batchnorm': False, 'adaptive_pool_size': 4, 'lin_layers': 1, 'lin_activation': 'relu', 'lin_batchnorm': False, 'lr': 0.0001}. Best is trial 0 with value: 0.2918410822749138.
[I 2025-08-12 15:32:52,256] Trial 28 pruned. 
[I 2025-08-12 15:32:52,783] Trial 29 pruned. 
[I 2025-08-12 15:32:54,281] Trial 30 pruned. 
[I 2025-08-12 15:32:56,948] Trial 31 finished with value: 0.9641202986240387 and parameters: {'conv_layers': 2, 'conv_activation': 'sigmoid', 'conv_kernel_size': 7, 'conv_batchnorm': False, 'adaptive_pool_size': 4, 'lin_layers': 1, 'lin_activation': 'relu', 'lin_batchnorm': False, 'lr': 0.0001}. Best is trial 0 with value: 0.2918410822749138.
[I 2025-08-12 15:32:59,281] Trial 32 finished with value: 1.0028908848762512 and parameters: {'conv_layers': 2, 'conv_activation': 'sigmoid', 'conv_kernel_size': 7, 'conv_batchnorm': False, 'adaptive_pool_size': 4, 'lin_layers': 1, 'lin_activation': 'relu', 'lin_batchnorm': False, 'lr': 0.0001}. Best is trial 0 with value: 0.2918410822749138.
[I 2025-08-12 15:33:02,123] Trial 33 finished with value: 1.0655134916305542 and parameters: {'conv_layers': 3, 'conv_activation': 'sigmoid', 'conv_kernel_size': 7, 'conv_batchnorm': False, 'adaptive_pool_size': 4, 'lin_layers': 1, 'lin_activation': 'relu', 'lin_batchnorm': False, 'lr': 0.0001}. Best is trial 0 with value: 0.2918410822749138.
[I 2025-08-12 15:33:03,605] Trial 34 pruned. 
[I 2025-08-12 15:33:06,256] Trial 35 finished with value: 1.064805507659912 and parameters: {'conv_layers': 2, 'conv_activation': 'sigmoid', 'conv_kernel_size': 3, 'conv_batchnorm': False, 'adaptive_pool_size': 3, 'lin_layers': 1, 'lin_activation': 'relu', 'lin_batchnorm': False, 'lr': 0.0001}. Best is trial 0 with value: 0.2918410822749138.
[I 2025-08-12 15:33:06,778] Trial 36 pruned. 
[I 2025-08-12 15:33:07,352] Trial 37 pruned. 
[I 2025-08-12 15:33:07,846] Trial 38 pruned. 
[I 2025-08-12 15:33:08,622] Trial 39 pruned. 
[I 2025-08-12 15:33:10,262] Trial 40 pruned. 
[I 2025-08-12 15:33:12,893] Trial 41 finished with value: 0.9615117311477661 and parameters: {'conv_layers': 2, 'conv_activation': 'sigmoid', 'conv_kernel_size': 7, 'conv_batchnorm': False, 'adaptive_pool_size': 4, 'lin_layers': 1, 'lin_activation': 'relu', 'lin_batchnorm': False, 'lr': 0.0001}. Best is trial 0 with value: 0.2918410822749138.
[I 2025-08-12 15:33:13,672] Trial 42 pruned. 
[I 2025-08-12 15:33:16,366] Trial 43 finished with value: 0.9211422801017761 and parameters: {'conv_layers': 2, 'conv_activation': 'sigmoid', 'conv_kernel_size': 7, 'conv_batchnorm': False, 'adaptive_pool_size': 4, 'lin_layers': 1, 'lin_activation': 'relu', 'lin_batchnorm': False, 'lr': 0.0001}. Best is trial 0 with value: 0.2918410822749138.
[I 2025-08-12 15:33:17,793] Trial 44 pruned. 
[I 2025-08-12 15:33:19,949] Trial 45 finished with value: 0.8750061392784119 and parameters: {'conv_layers': 1, 'conv_activation': 'sigmoid', 'conv_kernel_size': 7, 'conv_batchnorm': False, 'adaptive_pool_size': 4, 'lin_layers': 2, 'lin_activation': 'relu', 'lin_batchnorm': False, 'lr': 0.0001}. Best is trial 0 with value: 0.2918410822749138.
[I 2025-08-12 15:33:21,599] Trial 46 pruned. 
[I 2025-08-12 15:33:22,284] Trial 47 pruned. 
[I 2025-08-12 15:33:23,695] Trial 48 pruned. 
[I 2025-08-12 15:33:26,489] Trial 49 finished with value: 1.0440986156463623 and parameters: {'conv_layers': 3, 'conv_activation': 'sigmoid', 'conv_kernel_size': 7, 'conv_batchnorm': False, 'adaptive_pool_size': 4, 'lin_layers': 2, 'lin_activation': 'tanh', 'lin_batchnorm': False, 'lr': 0.005}. Best is trial 0 with value: 0.2918410822749138.
[I 2025-08-12 15:33:27,813] Trial 50 pruned. 
[I 2025-08-12 15:33:30,259] Trial 51 finished with value: 0.8643542528152466 and parameters: {'conv_layers': 2, 'conv_activation': 'sigmoid', 'conv_kernel_size': 7, 'conv_batchnorm': False, 'adaptive_pool_size': 4, 'lin_layers': 1, 'lin_activation': 'relu', 'lin_batchnorm': False, 'lr': 0.0001}. Best is trial 0 with value: 0.2918410822749138.
[I 2025-08-12 15:33:31,937] Trial 52 pruned. 
[I 2025-08-12 15:33:34,285] Trial 53 finished with value: 0.9937441945075989 and parameters: {'conv_layers': 2, 'conv_activation': 'sigmoid', 'conv_kernel_size': 7, 'conv_batchnorm': False, 'adaptive_pool_size': 4, 'lin_layers': 1, 'lin_activation': 'relu', 'lin_batchnorm': False, 'lr': 0.0001}. Best is trial 0 with value: 0.2918410822749138.
[I 2025-08-12 15:33:36,855] Trial 54 finished with value: 1.0943471193313599 and parameters: {'conv_layers': 3, 'conv_activation': 'sigmoid', 'conv_kernel_size': 7, 'conv_batchnorm': False, 'adaptive_pool_size': 4, 'lin_layers': 3, 'lin_activation': 'relu', 'lin_batchnorm': False, 'lr': 0.0001}. Best is trial 0 with value: 0.2918410822749138.
[I 2025-08-12 15:33:37,595] Trial 55 pruned. 
[I 2025-08-12 15:33:40,013] Trial 56 finished with value: 1.0542011559009552 and parameters: {'conv_layers': 2, 'conv_activation': 'sigmoid', 'conv_kernel_size': 5, 'conv_batchnorm': False, 'adaptive_pool_size': 4, 'lin_layers': 1, 'lin_activation': 'relu', 'lin_batchnorm': False, 'lr': 0.0001}. Best is trial 0 with value: 0.2918410822749138.
[I 2025-08-12 15:33:40,650] Trial 57 pruned. 
[I 2025-08-12 15:33:41,748] Trial 58 pruned. 
[I 2025-08-12 15:33:44,156] Trial 59 finished with value: 1.0812267065048218 and parameters: {'conv_layers': 3, 'conv_activation': 'sigmoid', 'conv_kernel_size': 7, 'conv_batchnorm': False, 'adaptive_pool_size': 2, 'lin_layers': 2, 'lin_activation': 'relu', 'lin_batchnorm': False, 'lr': 0.005}. Best is trial 0 with value: 0.2918410822749138.
[I 2025-08-12 15:33:45,630] Trial 60 pruned. 
[I 2025-08-12 15:33:48,297] Trial 61 finished with value: 1.0036251246929169 and parameters: {'conv_layers': 2, 'conv_activation': 'sigmoid', 'conv_kernel_size': 7, 'conv_batchnorm': False, 'adaptive_pool_size': 4, 'lin_layers': 1, 'lin_activation': 'relu', 'lin_batchnorm': False, 'lr': 0.0001}. Best is trial 0 with value: 0.2918410822749138.
[I 2025-08-12 15:33:50,010] Trial 62 pruned. 
[I 2025-08-12 15:33:50,892] Trial 63 pruned. 
[I 2025-08-12 15:33:53,675] Trial 64 finished with value: 0.9714608788490295 and parameters: {'conv_layers': 2, 'conv_activation': 'sigmoid', 'conv_kernel_size': 7, 'conv_batchnorm': False, 'adaptive_pool_size': 4, 'lin_layers': 1, 'lin_activation': 'relu', 'lin_batchnorm': False, 'lr': 0.0001}. Best is trial 0 with value: 0.2918410822749138.
[I 2025-08-12 15:33:54,204] Trial 65 pruned. 
[I 2025-08-12 15:33:54,948] Trial 66 pruned. 
[I 2025-08-12 15:33:56,884] Trial 67 pruned. 
[I 2025-08-12 15:33:57,444] Trial 68 pruned. 
[I 2025-08-12 15:33:58,298] Trial 69 pruned. 
[I 2025-08-12 15:34:00,709] Trial 70 finished with value: 0.9607619941234589 and parameters: {'conv_layers': 2, 'conv_activation': 'sigmoid', 'conv_kernel_size': 7, 'conv_batchnorm': False, 'adaptive_pool_size': 4, 'lin_layers': 1, 'lin_activation': 'relu', 'lin_batchnorm': False, 'lr': 0.0001}. Best is trial 0 with value: 0.2918410822749138.
[I 2025-08-12 15:34:02,602] Trial 71 pruned. 
[I 2025-08-12 15:34:05,185] Trial 72 finished with value: 0.9622771143913269 and parameters: {'conv_layers': 2, 'conv_activation': 'sigmoid', 'conv_kernel_size': 7, 'conv_batchnorm': False, 'adaptive_pool_size': 4, 'lin_layers': 1, 'lin_activation': 'relu', 'lin_batchnorm': False, 'lr': 0.0001}. Best is trial 0 with value: 0.2918410822749138.
[I 2025-08-12 15:34:05,975] Trial 73 pruned. 
[I 2025-08-12 15:34:08,068] Trial 74 pruned. 
[I 2025-08-12 15:34:10,462] Trial 75 finished with value: 1.0720247626304626 and parameters: {'conv_layers': 3, 'conv_activation': 'relu', 'conv_kernel_size': 7, 'conv_batchnorm': False, 'adaptive_pool_size': 1, 'lin_layers': 1, 'lin_activation': 'relu', 'lin_batchnorm': False, 'lr': 0.005}. Best is trial 0 with value: 0.2918410822749138.
[I 2025-08-12 15:34:13,018] Trial 76 finished with value: 1.0285273790359497 and parameters: {'conv_layers': 2, 'conv_activation': 'sigmoid', 'conv_kernel_size': 7, 'conv_batchnorm': False, 'adaptive_pool_size': 2, 'lin_layers': 1, 'lin_activation': 'tanh', 'lin_batchnorm': False, 'lr': 0.0001}. Best is trial 0 with value: 0.2918410822749138.
[I 2025-08-12 15:34:13,913] Trial 77 pruned. 
[I 2025-08-12 15:34:14,788] Trial 78 pruned. 
[I 2025-08-12 15:34:15,366] Trial 79 pruned. 
[I 2025-08-12 15:34:16,269] Trial 80 pruned. 
[I 2025-08-12 15:34:18,979] Trial 81 finished with value: 0.9935564696788788 and parameters: {'conv_layers': 2, 'conv_activation': 'sigmoid', 'conv_kernel_size': 7, 'conv_batchnorm': False, 'adaptive_pool_size': 4, 'lin_layers': 1, 'lin_activation': 'relu', 'lin_batchnorm': False, 'lr': 0.0001}. Best is trial 0 with value: 0.2918410822749138.
[I 2025-08-12 15:34:19,800] Trial 82 pruned. 
[I 2025-08-12 15:34:22,909] Trial 83 finished with value: 1.0010004937648773 and parameters: {'conv_layers': 2, 'conv_activation': 'sigmoid', 'conv_kernel_size': 7, 'conv_batchnorm': False, 'adaptive_pool_size': 4, 'lin_layers': 1, 'lin_activation': 'relu', 'lin_batchnorm': False, 'lr': 0.0001}. Best is trial 0 with value: 0.2918410822749138.
[I 2025-08-12 15:34:25,489] Trial 84 finished with value: 1.011781096458435 and parameters: {'conv_layers': 2, 'conv_activation': 'sigmoid', 'conv_kernel_size': 7, 'conv_batchnorm': False, 'adaptive_pool_size': 4, 'lin_layers': 1, 'lin_activation': 'relu', 'lin_batchnorm': False, 'lr': 0.0001}. Best is trial 0 with value: 0.2918410822749138.
[I 2025-08-12 15:34:27,095] Trial 85 pruned. 
[I 2025-08-12 15:34:29,041] Trial 86 pruned. 
[I 2025-08-12 15:34:30,562] Trial 87 pruned. 
[I 2025-08-12 15:34:31,205] Trial 88 pruned. 
[I 2025-08-12 15:34:31,876] Trial 89 pruned. 
[I 2025-08-12 15:34:34,913] Trial 90 finished with value: 1.0397346019744873 and parameters: {'conv_layers': 2, 'conv_activation': 'sigmoid', 'conv_kernel_size': 7, 'conv_batchnorm': False, 'adaptive_pool_size': 4, 'lin_layers': 2, 'lin_activation': 'tanh', 'lin_batchnorm': False, 'lr': 0.05}. Best is trial 0 with value: 0.2918410822749138.
[I 2025-08-12 15:34:36,730] Trial 91 pruned. 
[I 2025-08-12 15:34:37,777] Trial 92 pruned. 
[I 2025-08-12 15:34:38,702] Trial 93 pruned. 
[I 2025-08-12 15:34:39,283] Trial 94 pruned. 
[I 2025-08-12 15:34:41,804] Trial 95 finished with value: 1.0787668824195862 and parameters: {'conv_layers': 4, 'conv_activation': 'sigmoid', 'conv_kernel_size': 5, 'conv_batchnorm': False, 'adaptive_pool_size': 4, 'lin_layers': 1, 'lin_activation': 'relu', 'lin_batchnorm': False, 'lr': 0.005}. Best is trial 0 with value: 0.2918410822749138.
[I 2025-08-12 15:34:42,806] Trial 96 pruned. 
[I 2025-08-12 15:34:43,404] Trial 97 pruned. 
[I 2025-08-12 15:34:43,934] Trial 98 pruned. 
[I 2025-08-12 15:34:44,738] Trial 99 pruned. 
[I 2025-08-12 15:34:47,437] Trial 100 finished with value: 1.0930201411247253 and parameters: {'conv_layers': 4, 'conv_activation': 'sigmoid', 'conv_kernel_size': 7, 'conv_batchnorm': False, 'adaptive_pool_size': 4, 'lin_layers': 3, 'lin_activation': 'sigmoid', 'lin_batchnorm': False, 'lr': 0.0001}. Best is trial 0 with value: 0.2918410822749138.
[I 2025-08-12 15:34:49,318] Trial 101 pruned. 
[I 2025-08-12 15:34:51,873] Trial 102 finished with value: 0.9848081469535828 and parameters: {'conv_layers': 2, 'conv_activation': 'sigmoid', 'conv_kernel_size': 7, 'conv_batchnorm': False, 'adaptive_pool_size': 4, 'lin_layers': 1, 'lin_activation': 'relu', 'lin_batchnorm': False, 'lr': 0.0001}. Best is trial 0 with value: 0.2918410822749138.
[I 2025-08-12 15:34:54,861] Trial 103 finished with value: 0.9206702709197998 and parameters: {'conv_layers': 2, 'conv_activation': 'sigmoid', 'conv_kernel_size': 7, 'conv_batchnorm': False, 'adaptive_pool_size': 4, 'lin_layers': 1, 'lin_activation': 'relu', 'lin_batchnorm': False, 'lr': 0.0001}. Best is trial 0 with value: 0.2918410822749138.
[I 2025-08-12 15:34:57,602] Trial 104 finished with value: 1.000291496515274 and parameters: {'conv_layers': 2, 'conv_activation': 'sigmoid', 'conv_kernel_size': 7, 'conv_batchnorm': False, 'adaptive_pool_size': 4, 'lin_layers': 1, 'lin_activation': 'relu', 'lin_batchnorm': False, 'lr': 0.0001}. Best is trial 0 with value: 0.2918410822749138.
[I 2025-08-12 15:35:00,485] Trial 105 finished with value: 0.9801087975502014 and parameters: {'conv_layers': 2, 'conv_activation': 'sigmoid', 'conv_kernel_size': 7, 'conv_batchnorm': False, 'adaptive_pool_size': 4, 'lin_layers': 2, 'lin_activation': 'relu', 'lin_batchnorm': False, 'lr': 0.005}. Best is trial 0 with value: 0.2918410822749138.
[I 2025-08-12 15:35:02,288] Trial 106 pruned. 
[I 2025-08-12 15:35:04,167] Trial 107 pruned. 
[I 2025-08-12 15:35:05,101] Trial 108 pruned. 
[I 2025-08-12 15:35:05,785] Trial 109 pruned. 
[I 2025-08-12 15:35:07,552] Trial 110 pruned. 
[I 2025-08-12 15:35:09,636] Trial 111 pruned. 
[I 2025-08-12 15:35:11,391] Trial 112 pruned. 
[I 2025-08-12 15:35:13,405] Trial 113 pruned. 
[I 2025-08-12 15:35:16,078] Trial 114 finished with value: 0.9373830556869507 and parameters: {'conv_layers': 2, 'conv_activation': 'sigmoid', 'conv_kernel_size': 7, 'conv_batchnorm': False, 'adaptive_pool_size': 4, 'lin_layers': 1, 'lin_activation': 'relu', 'lin_batchnorm': False, 'lr': 0.0001}. Best is trial 0 with value: 0.2918410822749138.
[I 2025-08-12 15:35:19,128] Trial 115 finished with value: 0.9883967638015747 and parameters: {'conv_layers': 2, 'conv_activation': 'sigmoid', 'conv_kernel_size': 7, 'conv_batchnorm': False, 'adaptive_pool_size': 4, 'lin_layers': 1, 'lin_activation': 'relu', 'lin_batchnorm': False, 'lr': 0.0001}. Best is trial 0 with value: 0.2918410822749138.
[I 2025-08-12 15:35:22,178] Trial 116 finished with value: 1.0795540809631348 and parameters: {'conv_layers': 5, 'conv_activation': 'sigmoid', 'conv_kernel_size': 7, 'conv_batchnorm': False, 'adaptive_pool_size': 4, 'lin_layers': 1, 'lin_activation': 'relu', 'lin_batchnorm': False, 'lr': 0.0001}. Best is trial 0 with value: 0.2918410822749138.
[I 2025-08-12 15:35:25,213] Trial 117 finished with value: 1.0827813148498535 and parameters: {'conv_layers': 2, 'conv_activation': 'sigmoid', 'conv_kernel_size': 7, 'conv_batchnorm': False, 'adaptive_pool_size': 4, 'lin_layers': 1, 'lin_activation': 'relu', 'lin_batchnorm': False, 'lr': 0.005}. Best is trial 0 with value: 0.2918410822749138.
[I 2025-08-12 15:35:27,867] Trial 118 finished with value: 1.0797759294509888 and parameters: {'conv_layers': 3, 'conv_activation': 'sigmoid', 'conv_kernel_size': 3, 'conv_batchnorm': False, 'adaptive_pool_size': 2, 'lin_layers': 1, 'lin_activation': 'relu', 'lin_batchnorm': False, 'lr': 0.0001}. Best is trial 0 with value: 0.2918410822749138.
[I 2025-08-12 15:35:28,681] Trial 119 pruned. 
[I 2025-08-12 15:35:29,886] Trial 120 pruned. 
[I 2025-08-12 15:35:32,754] Trial 121 finished with value: 0.9709063768386841 and parameters: {'conv_layers': 2, 'conv_activation': 'sigmoid', 'conv_kernel_size': 7, 'conv_batchnorm': False, 'adaptive_pool_size': 4, 'lin_layers': 1, 'lin_activation': 'relu', 'lin_batchnorm': False, 'lr': 0.0001}. Best is trial 0 with value: 0.2918410822749138.
[I 2025-08-12 15:35:34,850] Trial 122 pruned. 
[I 2025-08-12 15:35:37,626] Trial 123 finished with value: 0.9121275842189789 and parameters: {'conv_layers': 2, 'conv_activation': 'sigmoid', 'conv_kernel_size': 7, 'conv_batchnorm': False, 'adaptive_pool_size': 4, 'lin_layers': 1, 'lin_activation': 'relu', 'lin_batchnorm': False, 'lr': 0.0001}. Best is trial 0 with value: 0.2918410822749138.
[I 2025-08-12 15:35:40,661] Trial 124 finished with value: 1.0237013101577759 and parameters: {'conv_layers': 2, 'conv_activation': 'sigmoid', 'conv_kernel_size': 7, 'conv_batchnorm': False, 'adaptive_pool_size': 4, 'lin_layers': 1, 'lin_activation': 'relu', 'lin_batchnorm': False, 'lr': 0.0001}. Best is trial 0 with value: 0.2918410822749138.
[I 2025-08-12 15:35:42,405] Trial 125 pruned. 
[I 2025-08-12 15:35:43,214] Trial 126 pruned. 
[I 2025-08-12 15:35:46,161] Trial 127 finished with value: 1.0498646199703217 and parameters: {'conv_layers': 2, 'conv_activation': 'sigmoid', 'conv_kernel_size': 7, 'conv_batchnorm': True, 'adaptive_pool_size': 4, 'lin_layers': 1, 'lin_activation': 'relu', 'lin_batchnorm': False, 'lr': 0.05}. Best is trial 0 with value: 0.2918410822749138.
[I 2025-08-12 15:35:49,071] Trial 128 finished with value: 1.0377144813537598 and parameters: {'conv_layers': 2, 'conv_activation': 'sigmoid', 'conv_kernel_size': 7, 'conv_batchnorm': False, 'adaptive_pool_size': 3, 'lin_layers': 1, 'lin_activation': 'relu', 'lin_batchnorm': False, 'lr': 0.0001}. Best is trial 0 with value: 0.2918410822749138.
[I 2025-08-12 15:35:49,864] Trial 129 pruned. 
[I 2025-08-12 15:35:50,742] Trial 130 pruned. 
[I 2025-08-12 15:35:53,492] Trial 131 finished with value: 1.0663200318813324 and parameters: {'conv_layers': 2, 'conv_activation': 'sigmoid', 'conv_kernel_size': 7, 'conv_batchnorm': False, 'adaptive_pool_size': 4, 'lin_layers': 3, 'lin_activation': 'relu', 'lin_batchnorm': False, 'lr': 0.0001}. Best is trial 0 with value: 0.2918410822749138.
[I 2025-08-12 15:35:56,815] Trial 132 finished with value: 0.9208563268184662 and parameters: {'conv_layers': 2, 'conv_activation': 'sigmoid', 'conv_kernel_size': 7, 'conv_batchnorm': False, 'adaptive_pool_size': 4, 'lin_layers': 1, 'lin_activation': 'relu', 'lin_batchnorm': False, 'lr': 0.0001}. Best is trial 0 with value: 0.2918410822749138.
[I 2025-08-12 15:36:03,773] Trial 133 finished with value: 0.9489865899085999 and parameters: {'conv_layers': 2, 'conv_activation': 'sigmoid', 'conv_kernel_size': 7, 'conv_batchnorm': False, 'adaptive_pool_size': 4, 'lin_layers': 1, 'lin_activation': 'relu', 'lin_batchnorm': False, 'lr': 0.0001}. Best is trial 0 with value: 0.2918410822749138.
[I 2025-08-12 15:36:12,024] Trial 134 finished with value: 0.9991500079631805 and parameters: {'conv_layers': 2, 'conv_activation': 'sigmoid', 'conv_kernel_size': 7, 'conv_batchnorm': False, 'adaptive_pool_size': 4, 'lin_layers': 1, 'lin_activation': 'relu', 'lin_batchnorm': False, 'lr': 0.0001}. Best is trial 0 with value: 0.2918410822749138.
[I 2025-08-12 15:36:17,058] Trial 135 finished with value: 1.041505366563797 and parameters: {'conv_layers': 2, 'conv_activation': 'sigmoid', 'conv_kernel_size': 7, 'conv_batchnorm': False, 'adaptive_pool_size': 4, 'lin_layers': 1, 'lin_activation': 'relu', 'lin_batchnorm': False, 'lr': 0.0001}. Best is trial 0 with value: 0.2918410822749138.
[I 2025-08-12 15:36:21,405] Trial 136 finished with value: 0.9255454540252686 and parameters: {'conv_layers': 2, 'conv_activation': 'sigmoid', 'conv_kernel_size': 7, 'conv_batchnorm': False, 'adaptive_pool_size': 4, 'lin_layers': 1, 'lin_activation': 'relu', 'lin_batchnorm': False, 'lr': 0.0001}. Best is trial 0 with value: 0.2918410822749138.
[I 2025-08-12 15:36:23,789] Trial 137 finished with value: 0.9119811356067657 and parameters: {'conv_layers': 2, 'conv_activation': 'sigmoid', 'conv_kernel_size': 7, 'conv_batchnorm': False, 'adaptive_pool_size': 4, 'lin_layers': 1, 'lin_activation': 'relu', 'lin_batchnorm': False, 'lr': 0.0001}. Best is trial 0 with value: 0.2918410822749138.
[I 2025-08-12 15:36:25,470] Trial 138 pruned. 
[I 2025-08-12 15:36:26,939] Trial 139 pruned. 
[I 2025-08-12 15:36:29,284] Trial 140 finished with value: 1.0619003772735596 and parameters: {'conv_layers': 2, 'conv_activation': 'sigmoid', 'conv_kernel_size': 7, 'conv_batchnorm': False, 'adaptive_pool_size': 4, 'lin_layers': 3, 'lin_activation': 'relu', 'lin_batchnorm': False, 'lr': 0.0001}. Best is trial 0 with value: 0.2918410822749138.
[I 2025-08-12 15:36:31,863] Trial 141 finished with value: 0.9867069721221924 and parameters: {'conv_layers': 2, 'conv_activation': 'sigmoid', 'conv_kernel_size': 7, 'conv_batchnorm': False, 'adaptive_pool_size': 4, 'lin_layers': 1, 'lin_activation': 'relu', 'lin_batchnorm': False, 'lr': 0.0001}. Best is trial 0 with value: 0.2918410822749138.
[I 2025-08-12 15:36:33,515] Trial 142 pruned. 
[I 2025-08-12 15:36:35,190] Trial 143 pruned. 
[I 2025-08-12 15:36:37,734] Trial 144 finished with value: 0.9167222380638123 and parameters: {'conv_layers': 2, 'conv_activation': 'sigmoid', 'conv_kernel_size': 7, 'conv_batchnorm': False, 'adaptive_pool_size': 4, 'lin_layers': 1, 'lin_activation': 'relu', 'lin_batchnorm': False, 'lr': 0.0001}. Best is trial 0 with value: 0.2918410822749138.
[I 2025-08-12 15:36:40,330] Trial 145 finished with value: 1.0154946446418762 and parameters: {'conv_layers': 2, 'conv_activation': 'sigmoid', 'conv_kernel_size': 7, 'conv_batchnorm': False, 'adaptive_pool_size': 4, 'lin_layers': 1, 'lin_activation': 'relu', 'lin_batchnorm': False, 'lr': 0.0001}. Best is trial 0 with value: 0.2918410822749138.
[I 2025-08-12 15:36:42,986] Trial 146 finished with value: 0.9961892068386078 and parameters: {'conv_layers': 2, 'conv_activation': 'sigmoid', 'conv_kernel_size': 7, 'conv_batchnorm': False, 'adaptive_pool_size': 2, 'lin_layers': 1, 'lin_activation': 'tanh', 'lin_batchnorm': False, 'lr': 0.0001}. Best is trial 0 with value: 0.2918410822749138.
[I 2025-08-12 15:36:43,732] Trial 147 pruned. 
[I 2025-08-12 15:36:46,722] Trial 148 pruned. 
[I 2025-08-12 15:36:50,800] Trial 149 finished with value: 1.0007205605506897 and parameters: {'conv_layers': 2, 'conv_activation': 'sigmoid', 'conv_kernel_size': 7, 'conv_batchnorm': False, 'adaptive_pool_size': 4, 'lin_layers': 1, 'lin_activation': 'relu', 'lin_batchnorm': False, 'lr': 0.0001}. Best is trial 0 with value: 0.2918410822749138.
[I 2025-08-12 15:36:53,763] Trial 150 pruned. 
[I 2025-08-12 15:36:57,160] Trial 151 finished with value: 0.968199610710144 and parameters: {'conv_layers': 2, 'conv_activation': 'sigmoid', 'conv_kernel_size': 7, 'conv_batchnorm': False, 'adaptive_pool_size': 4, 'lin_layers': 1, 'lin_activation': 'relu', 'lin_batchnorm': False, 'lr': 0.0001}. Best is trial 0 with value: 0.2918410822749138.
[I 2025-08-12 15:36:59,449] Trial 152 finished with value: 0.9705046117305756 and parameters: {'conv_layers': 2, 'conv_activation': 'sigmoid', 'conv_kernel_size': 7, 'conv_batchnorm': False, 'adaptive_pool_size': 4, 'lin_layers': 1, 'lin_activation': 'relu', 'lin_batchnorm': False, 'lr': 0.0001}. Best is trial 0 with value: 0.2918410822749138.
[I 2025-08-12 15:37:02,101] Trial 153 finished with value: 0.9952089786529541 and parameters: {'conv_layers': 2, 'conv_activation': 'sigmoid', 'conv_kernel_size': 7, 'conv_batchnorm': False, 'adaptive_pool_size': 4, 'lin_layers': 1, 'lin_activation': 'relu', 'lin_batchnorm': False, 'lr': 0.0001}. Best is trial 0 with value: 0.2918410822749138.
[I 2025-08-12 15:37:04,452] Trial 154 finished with value: 0.9842582941055298 and parameters: {'conv_layers': 2, 'conv_activation': 'sigmoid', 'conv_kernel_size': 7, 'conv_batchnorm': False, 'adaptive_pool_size': 4, 'lin_layers': 1, 'lin_activation': 'relu', 'lin_batchnorm': False, 'lr': 0.0001}. Best is trial 0 with value: 0.2918410822749138.
[I 2025-08-12 15:37:05,942] Trial 155 pruned. 
[I 2025-08-12 15:37:06,651] Trial 156 pruned. 
[I 2025-08-12 15:37:09,120] Trial 157 finished with value: 0.9932311773300171 and parameters: {'conv_layers': 2, 'conv_activation': 'sigmoid', 'conv_kernel_size': 7, 'conv_batchnorm': False, 'adaptive_pool_size': 2, 'lin_layers': 1, 'lin_activation': 'relu', 'lin_batchnorm': False, 'lr': 0.0001}. Best is trial 0 with value: 0.2918410822749138.
[I 2025-08-12 15:37:09,811] Trial 158 pruned. 
[I 2025-08-12 15:37:10,307] Trial 159 pruned. 
[I 2025-08-12 15:37:12,783] Trial 160 finished with value: 0.8134508728981018 and parameters: {'conv_layers': 3, 'conv_activation': 'sigmoid', 'conv_kernel_size': 7, 'conv_batchnorm': False, 'adaptive_pool_size': 4, 'lin_layers': 1, 'lin_activation': 'relu', 'lin_batchnorm': False, 'lr': 0.001}. Best is trial 0 with value: 0.2918410822749138.
[I 2025-08-12 15:37:15,121] Trial 161 finished with value: 1.0734769105911255 and parameters: {'conv_layers': 3, 'conv_activation': 'sigmoid', 'conv_kernel_size': 7, 'conv_batchnorm': False, 'adaptive_pool_size': 4, 'lin_layers': 1, 'lin_activation': 'relu', 'lin_batchnorm': False, 'lr': 0.001}. Best is trial 0 with value: 0.2918410822749138.
[I 2025-08-12 15:37:16,750] Trial 162 pruned. 
[I 2025-08-12 15:37:19,261] Trial 163 finished with value: 0.8071480095386505 and parameters: {'conv_layers': 3, 'conv_activation': 'sigmoid', 'conv_kernel_size': 7, 'conv_batchnorm': False, 'adaptive_pool_size': 4, 'lin_layers': 1, 'lin_activation': 'relu', 'lin_batchnorm': False, 'lr': 0.001}. Best is trial 0 with value: 0.2918410822749138.
[I 2025-08-12 15:37:21,545] Trial 164 finished with value: 1.061798334121704 and parameters: {'conv_layers': 3, 'conv_activation': 'sigmoid', 'conv_kernel_size': 7, 'conv_batchnorm': False, 'adaptive_pool_size': 4, 'lin_layers': 1, 'lin_activation': 'relu', 'lin_batchnorm': False, 'lr': 0.001}. Best is trial 0 with value: 0.2918410822749138.
[I 2025-08-12 15:37:24,586] Trial 165 finished with value: 0.9825250506401062 and parameters: {'conv_layers': 3, 'conv_activation': 'sigmoid', 'conv_kernel_size': 7, 'conv_batchnorm': False, 'adaptive_pool_size': 4, 'lin_layers': 1, 'lin_activation': 'relu', 'lin_batchnorm': False, 'lr': 0.001}. Best is trial 0 with value: 0.2918410822749138.
[I 2025-08-12 15:37:27,013] Trial 166 finished with value: 1.0747671127319336 and parameters: {'conv_layers': 3, 'conv_activation': 'sigmoid', 'conv_kernel_size': 7, 'conv_batchnorm': False, 'adaptive_pool_size': 4, 'lin_layers': 1, 'lin_activation': 'relu', 'lin_batchnorm': False, 'lr': 0.001}. Best is trial 0 with value: 0.2918410822749138.
[I 2025-08-12 15:37:29,761] Trial 167 finished with value: 1.08908212184906 and parameters: {'conv_layers': 3, 'conv_activation': 'sigmoid', 'conv_kernel_size': 7, 'conv_batchnorm': False, 'adaptive_pool_size': 4, 'lin_layers': 1, 'lin_activation': 'tanh', 'lin_batchnorm': False, 'lr': 0.001}. Best is trial 0 with value: 0.2918410822749138.
[I 2025-08-12 15:37:31,401] Trial 168 pruned. 
[I 2025-08-12 15:37:33,280] Trial 169 pruned. 
[I 2025-08-12 15:37:34,163] Trial 170 pruned. 
[I 2025-08-12 15:37:36,930] Trial 171 finished with value: 1.0464783906936646 and parameters: {'conv_layers': 4, 'conv_activation': 'sigmoid', 'conv_kernel_size': 7, 'conv_batchnorm': False, 'adaptive_pool_size': 4, 'lin_layers': 1, 'lin_activation': 'relu', 'lin_batchnorm': False, 'lr': 0.0001}. Best is trial 0 with value: 0.2918410822749138.
[I 2025-08-12 15:37:39,510] Trial 172 finished with value: 1.089435636997223 and parameters: {'conv_layers': 2, 'conv_activation': 'sigmoid', 'conv_kernel_size': 7, 'conv_batchnorm': False, 'adaptive_pool_size': 4, 'lin_layers': 3, 'lin_activation': 'relu', 'lin_batchnorm': False, 'lr': 0.0001}. Best is trial 0 with value: 0.2918410822749138.
[I 2025-08-12 15:37:41,097] Trial 173 pruned. 
[I 2025-08-12 15:37:43,846] Trial 174 finished with value: 0.9857936501502991 and parameters: {'conv_layers': 2, 'conv_activation': 'sigmoid', 'conv_kernel_size': 7, 'conv_batchnorm': False, 'adaptive_pool_size': 4, 'lin_layers': 1, 'lin_activation': 'relu', 'lin_batchnorm': False, 'lr': 0.005}. Best is trial 0 with value: 0.2918410822749138.
[I 2025-08-12 15:37:46,405] Trial 175 finished with value: 1.0268279314041138 and parameters: {'conv_layers': 2, 'conv_activation': 'sigmoid', 'conv_kernel_size': 7, 'conv_batchnorm': False, 'adaptive_pool_size': 2, 'lin_layers': 1, 'lin_activation': 'relu', 'lin_batchnorm': False, 'lr': 0.0001}. Best is trial 0 with value: 0.2918410822749138.
[I 2025-08-12 15:37:46,867] Trial 176 pruned. 
[I 2025-08-12 15:37:49,449] Trial 177 finished with value: 0.928170919418335 and parameters: {'conv_layers': 2, 'conv_activation': 'sigmoid', 'conv_kernel_size': 7, 'conv_batchnorm': False, 'adaptive_pool_size': 4, 'lin_layers': 1, 'lin_activation': 'tanh', 'lin_batchnorm': False, 'lr': 0.0001}. Best is trial 0 with value: 0.2918410822749138.
[I 2025-08-12 15:37:52,126] Trial 178 finished with value: 1.0630602538585663 and parameters: {'conv_layers': 4, 'conv_activation': 'sigmoid', 'conv_kernel_size': 7, 'conv_batchnorm': False, 'adaptive_pool_size': 4, 'lin_layers': 1, 'lin_activation': 'tanh', 'lin_batchnorm': False, 'lr': 0.001}. Best is trial 0 with value: 0.2918410822749138.
[I 2025-08-12 15:37:53,754] Trial 179 pruned. 
[I 2025-08-12 15:37:56,009] Trial 180 finished with value: 0.9424603879451752 and parameters: {'conv_layers': 2, 'conv_activation': 'sigmoid', 'conv_kernel_size': 7, 'conv_batchnorm': False, 'adaptive_pool_size': 4, 'lin_layers': 1, 'lin_activation': 'tanh', 'lin_batchnorm': False, 'lr': 0.0001}. Best is trial 0 with value: 0.2918410822749138.
[I 2025-08-12 15:37:57,688] Trial 181 pruned. 
[I 2025-08-12 15:37:59,428] Trial 182 pruned. 
[I 2025-08-12 15:38:00,893] Trial 183 pruned. 
[I 2025-08-12 15:38:03,185] Trial 184 finished with value: 0.8732697367668152 and parameters: {'conv_layers': 2, 'conv_activation': 'sigmoid', 'conv_kernel_size': 7, 'conv_batchnorm': False, 'adaptive_pool_size': 4, 'lin_layers': 1, 'lin_activation': 'tanh', 'lin_batchnorm': False, 'lr': 0.0001}. Best is trial 0 with value: 0.2918410822749138.
[I 2025-08-12 15:38:04,884] Trial 185 pruned. 
[I 2025-08-12 15:38:05,649] Trial 186 pruned. 
[I 2025-08-12 15:38:07,256] Trial 187 pruned. 
[I 2025-08-12 15:38:09,009] Trial 188 pruned. 
[I 2025-08-12 15:38:09,466] Trial 189 pruned. 
[I 2025-08-12 15:38:10,006] Trial 190 pruned. 
[I 2025-08-12 15:38:11,449] Trial 191 pruned. 
[I 2025-08-12 15:38:13,183] Trial 192 pruned. 
[I 2025-08-12 15:38:14,009] Trial 193 pruned. 
[I 2025-08-12 15:38:14,530] Trial 194 pruned. 
[I 2025-08-12 15:38:16,978] Trial 195 finished with value: 0.8752584457397461 and parameters: {'conv_layers': 2, 'conv_activation': 'sigmoid', 'conv_kernel_size': 7, 'conv_batchnorm': False, 'adaptive_pool_size': 4, 'lin_layers': 1, 'lin_activation': 'relu', 'lin_batchnorm': False, 'lr': 0.0001}. Best is trial 0 with value: 0.2918410822749138.
[I 2025-08-12 15:38:18,755] Trial 196 pruned. 
[I 2025-08-12 15:38:19,390] Trial 197 pruned. 
[I 2025-08-12 15:38:20,908] Trial 198 pruned. 
[I 2025-08-12 15:38:23,522] Trial 199 finished with value: 1.077225923538208 and parameters: {'conv_layers': 3, 'conv_activation': 'sigmoid', 'conv_kernel_size': 7, 'conv_batchnorm': False, 'adaptive_pool_size': 3, 'lin_layers': 1, 'lin_activation': 'relu', 'lin_batchnorm': False, 'lr': 0.0001}. Best is trial 0 with value: 0.2918410822749138.
[I 2025-08-12 15:38:26,163] Trial 200 finished with value: 1.0667146146297455 and parameters: {'conv_layers': 2, 'conv_activation': 'sigmoid', 'conv_kernel_size': 7, 'conv_batchnorm': False, 'adaptive_pool_size': 4, 'lin_layers': 2, 'lin_activation': 'relu', 'lin_batchnorm': False, 'lr': 0.0001}. Best is trial 0 with value: 0.2918410822749138.
[I 2025-08-12 15:38:27,813] Trial 201 pruned. 
[I 2025-08-12 15:38:30,497] Trial 202 finished with value: 0.9843107163906097 and parameters: {'conv_layers': 2, 'conv_activation': 'sigmoid', 'conv_kernel_size': 7, 'conv_batchnorm': False, 'adaptive_pool_size': 4, 'lin_layers': 1, 'lin_activation': 'relu', 'lin_batchnorm': False, 'lr': 0.0001}. Best is trial 0 with value: 0.2918410822749138.
[I 2025-08-12 15:38:33,066] Trial 203 finished with value: 1.0102028846740723 and parameters: {'conv_layers': 2, 'conv_activation': 'sigmoid', 'conv_kernel_size': 7, 'conv_batchnorm': False, 'adaptive_pool_size': 4, 'lin_layers': 1, 'lin_activation': 'relu', 'lin_batchnorm': False, 'lr': 0.0001}. Best is trial 0 with value: 0.2918410822749138.
[I 2025-08-12 15:38:35,666] Trial 204 finished with value: 0.9391520023345947 and parameters: {'conv_layers': 2, 'conv_activation': 'sigmoid', 'conv_kernel_size': 7, 'conv_batchnorm': False, 'adaptive_pool_size': 4, 'lin_layers': 1, 'lin_activation': 'relu', 'lin_batchnorm': False, 'lr': 0.0001}. Best is trial 0 with value: 0.2918410822749138.
[I 2025-08-12 15:38:36,218] Trial 205 pruned. 
[I 2025-08-12 15:38:38,880] Trial 206 finished with value: 0.8982406258583069 and parameters: {'conv_layers': 2, 'conv_activation': 'sigmoid', 'conv_kernel_size': 7, 'conv_batchnorm': False, 'adaptive_pool_size': 4, 'lin_layers': 1, 'lin_activation': 'relu', 'lin_batchnorm': False, 'lr': 0.0001}. Best is trial 0 with value: 0.2918410822749138.
[I 2025-08-12 15:38:40,688] Trial 207 pruned. 
[I 2025-08-12 15:38:43,421] Trial 208 finished with value: 1.0278209447860718 and parameters: {'conv_layers': 2, 'conv_activation': 'sigmoid', 'conv_kernel_size': 5, 'conv_batchnorm': False, 'adaptive_pool_size': 4, 'lin_layers': 1, 'lin_activation': 'tanh', 'lin_batchnorm': False, 'lr': 0.0001}. Best is trial 0 with value: 0.2918410822749138.
[I 2025-08-12 15:38:46,529] Trial 209 finished with value: 1.0055447220802307 and parameters: {'conv_layers': 2, 'conv_activation': 'sigmoid', 'conv_kernel_size': 7, 'conv_batchnorm': False, 'adaptive_pool_size': 4, 'lin_layers': 1, 'lin_activation': 'relu', 'lin_batchnorm': False, 'lr': 0.0001}. Best is trial 0 with value: 0.2918410822749138.
[I 2025-08-12 15:38:48,934] Trial 210 finished with value: 0.9732078909873962 and parameters: {'conv_layers': 2, 'conv_activation': 'sigmoid', 'conv_kernel_size': 7, 'conv_batchnorm': False, 'adaptive_pool_size': 4, 'lin_layers': 1, 'lin_activation': 'relu', 'lin_batchnorm': False, 'lr': 0.005}. Best is trial 0 with value: 0.2918410822749138.
[I 2025-08-12 15:38:51,726] Trial 211 finished with value: 1.098081648349762 and parameters: {'conv_layers': 2, 'conv_activation': 'sigmoid', 'conv_kernel_size': 7, 'conv_batchnorm': False, 'adaptive_pool_size': 4, 'lin_layers': 3, 'lin_activation': 'relu', 'lin_batchnorm': False, 'lr': 0.0001}. Best is trial 0 with value: 0.2918410822749138.
[I 2025-08-12 15:38:54,236] Trial 212 finished with value: 1.0182849168777466 and parameters: {'conv_layers': 2, 'conv_activation': 'sigmoid', 'conv_kernel_size': 7, 'conv_batchnorm': False, 'adaptive_pool_size': 4, 'lin_layers': 1, 'lin_activation': 'relu', 'lin_batchnorm': False, 'lr': 0.0001}. Best is trial 0 with value: 0.2918410822749138.
[I 2025-08-12 15:38:57,259] Trial 213 finished with value: 0.9211380481719971 and parameters: {'conv_layers': 2, 'conv_activation': 'sigmoid', 'conv_kernel_size': 7, 'conv_batchnorm': False, 'adaptive_pool_size': 4, 'lin_layers': 1, 'lin_activation': 'relu', 'lin_batchnorm': False, 'lr': 0.0001}. Best is trial 0 with value: 0.2918410822749138.
[I 2025-08-12 15:38:59,105] Trial 214 pruned. 
[I 2025-08-12 15:39:01,815] Trial 215 finished with value: 1.0523127317428589 and parameters: {'conv_layers': 4, 'conv_activation': 'sigmoid', 'conv_kernel_size': 7, 'conv_batchnorm': False, 'adaptive_pool_size': 4, 'lin_layers': 1, 'lin_activation': 'relu', 'lin_batchnorm': False, 'lr': 0.0001}. Best is trial 0 with value: 0.2918410822749138.
[I 2025-08-12 15:39:04,328] Trial 216 finished with value: 0.9229830503463745 and parameters: {'conv_layers': 2, 'conv_activation': 'sigmoid', 'conv_kernel_size': 7, 'conv_batchnorm': False, 'adaptive_pool_size': 4, 'lin_layers': 1, 'lin_activation': 'relu', 'lin_batchnorm': False, 'lr': 0.0001}. Best is trial 0 with value: 0.2918410822749138.
[I 2025-08-12 15:39:07,116] Trial 217 finished with value: 1.0495810508728027 and parameters: {'conv_layers': 2, 'conv_activation': 'sigmoid', 'conv_kernel_size': 7, 'conv_batchnorm': False, 'adaptive_pool_size': 4, 'lin_layers': 1, 'lin_activation': 'relu', 'lin_batchnorm': False, 'lr': 0.0001}. Best is trial 0 with value: 0.2918410822749138.
[I 2025-08-12 15:39:08,768] Trial 218 pruned. 
[I 2025-08-12 15:39:11,800] Trial 219 finished with value: 0.9148343801498413 and parameters: {'conv_layers': 2, 'conv_activation': 'sigmoid', 'conv_kernel_size': 7, 'conv_batchnorm': False, 'adaptive_pool_size': 4, 'lin_layers': 1, 'lin_activation': 'relu', 'lin_batchnorm': False, 'lr': 0.0001}. Best is trial 0 with value: 0.2918410822749138.
[I 2025-08-12 15:39:13,330] Trial 220 pruned. 
[I 2025-08-12 15:39:15,137] Trial 221 pruned. 
[I 2025-08-12 15:39:16,919] Trial 222 pruned. 
[I 2025-08-12 15:39:19,561] Trial 223 finished with value: 0.9652172029018402 and parameters: {'conv_layers': 2, 'conv_activation': 'sigmoid', 'conv_kernel_size': 7, 'conv_batchnorm': False, 'adaptive_pool_size': 4, 'lin_layers': 1, 'lin_activation': 'relu', 'lin_batchnorm': False, 'lr': 0.0001}. Best is trial 0 with value: 0.2918410822749138.
[I 2025-08-12 15:39:22,414] Trial 224 finished with value: 0.96529820561409 and parameters: {'conv_layers': 2, 'conv_activation': 'sigmoid', 'conv_kernel_size': 7, 'conv_batchnorm': False, 'adaptive_pool_size': 4, 'lin_layers': 1, 'lin_activation': 'relu', 'lin_batchnorm': False, 'lr': 0.0001}. Best is trial 0 with value: 0.2918410822749138.
[I 2025-08-12 15:39:25,137] Trial 225 finished with value: 0.9736129939556122 and parameters: {'conv_layers': 2, 'conv_activation': 'sigmoid', 'conv_kernel_size': 7, 'conv_batchnorm': False, 'adaptive_pool_size': 4, 'lin_layers': 1, 'lin_activation': 'relu', 'lin_batchnorm': False, 'lr': 0.0001}. Best is trial 0 with value: 0.2918410822749138.
[I 2025-08-12 15:39:28,069] Trial 226 finished with value: 0.9471250772476196 and parameters: {'conv_layers': 2, 'conv_activation': 'sigmoid', 'conv_kernel_size': 7, 'conv_batchnorm': False, 'adaptive_pool_size': 4, 'lin_layers': 1, 'lin_activation': 'relu', 'lin_batchnorm': False, 'lr': 0.0001}. Best is trial 0 with value: 0.2918410822749138.
[I 2025-08-12 15:39:30,950] Trial 227 finished with value: 1.0337941646575928 and parameters: {'conv_layers': 2, 'conv_activation': 'sigmoid', 'conv_kernel_size': 7, 'conv_batchnorm': False, 'adaptive_pool_size': 2, 'lin_layers': 1, 'lin_activation': 'relu', 'lin_batchnorm': False, 'lr': 0.0001}. Best is trial 0 with value: 0.2918410822749138.
[I 2025-08-12 15:39:31,778] Trial 228 pruned. 
[I 2025-08-12 15:39:32,642] Trial 229 pruned. 
[I 2025-08-12 15:39:35,509] Trial 230 finished with value: 0.8850405812263489 and parameters: {'conv_layers': 2, 'conv_activation': 'sigmoid', 'conv_kernel_size': 7, 'conv_batchnorm': False, 'adaptive_pool_size': 4, 'lin_layers': 1, 'lin_activation': 'relu', 'lin_batchnorm': False, 'lr': 0.0001}. Best is trial 0 with value: 0.2918410822749138.
[I 2025-08-12 15:39:38,254] Trial 231 finished with value: 0.974574625492096 and parameters: {'conv_layers': 2, 'conv_activation': 'sigmoid', 'conv_kernel_size': 7, 'conv_batchnorm': False, 'adaptive_pool_size': 4, 'lin_layers': 1, 'lin_activation': 'relu', 'lin_batchnorm': False, 'lr': 0.0001}. Best is trial 0 with value: 0.2918410822749138.
[I 2025-08-12 15:39:41,075] Trial 232 finished with value: 0.9655949473381042 and parameters: {'conv_layers': 2, 'conv_activation': 'sigmoid', 'conv_kernel_size': 7, 'conv_batchnorm': False, 'adaptive_pool_size': 4, 'lin_layers': 1, 'lin_activation': 'relu', 'lin_batchnorm': False, 'lr': 0.0001}. Best is trial 0 with value: 0.2918410822749138.
[I 2025-08-12 15:39:42,801] Trial 233 pruned. 
[I 2025-08-12 15:39:45,524] Trial 234 finished with value: 0.9225468337535858 and parameters: {'conv_layers': 2, 'conv_activation': 'sigmoid', 'conv_kernel_size': 7, 'conv_batchnorm': False, 'adaptive_pool_size': 4, 'lin_layers': 1, 'lin_activation': 'relu', 'lin_batchnorm': False, 'lr': 0.0001}. Best is trial 0 with value: 0.2918410822749138.
[I 2025-08-12 15:39:46,489] Trial 235 pruned. 
[I 2025-08-12 15:39:47,383] Trial 236 pruned. 
[I 2025-08-12 15:39:49,243] Trial 237 pruned. 
[I 2025-08-12 15:39:52,266] Trial 238 finished with value: 1.0382875502109528 and parameters: {'conv_layers': 2, 'conv_activation': 'sigmoid', 'conv_kernel_size': 7, 'conv_batchnorm': False, 'adaptive_pool_size': 4, 'lin_layers': 1, 'lin_activation': 'relu', 'lin_batchnorm': False, 'lr': 0.0001}. Best is trial 0 with value: 0.2918410822749138.
[I 2025-08-12 15:39:53,202] Trial 239 pruned. 
[I 2025-08-12 15:39:54,147] Trial 240 pruned. 
[I 2025-08-12 15:39:57,117] Trial 241 finished with value: 0.984660267829895 and parameters: {'conv_layers': 2, 'conv_activation': 'sigmoid', 'conv_kernel_size': 7, 'conv_batchnorm': False, 'adaptive_pool_size': 4, 'lin_layers': 1, 'lin_activation': 'relu', 'lin_batchnorm': False, 'lr': 0.0001}. Best is trial 0 with value: 0.2918410822749138.
[I 2025-08-12 15:39:59,982] Trial 242 finished with value: 0.9410637617111206 and parameters: {'conv_layers': 2, 'conv_activation': 'sigmoid', 'conv_kernel_size': 7, 'conv_batchnorm': False, 'adaptive_pool_size': 4, 'lin_layers': 1, 'lin_activation': 'relu', 'lin_batchnorm': False, 'lr': 0.0001}. Best is trial 0 with value: 0.2918410822749138.
[I 2025-08-12 15:40:02,901] Trial 243 finished with value: 1.0032753348350525 and parameters: {'conv_layers': 2, 'conv_activation': 'sigmoid', 'conv_kernel_size': 7, 'conv_batchnorm': False, 'adaptive_pool_size': 4, 'lin_layers': 1, 'lin_activation': 'relu', 'lin_batchnorm': False, 'lr': 0.0001}. Best is trial 0 with value: 0.2918410822749138.
[I 2025-08-12 15:40:05,525] Trial 244 finished with value: 0.9294594824314117 and parameters: {'conv_layers': 2, 'conv_activation': 'sigmoid', 'conv_kernel_size': 7, 'conv_batchnorm': False, 'adaptive_pool_size': 4, 'lin_layers': 1, 'lin_activation': 'relu', 'lin_batchnorm': False, 'lr': 0.0001}. Best is trial 0 with value: 0.2918410822749138.
[I 2025-08-12 15:40:08,488] Trial 245 finished with value: 0.9684916138648987 and parameters: {'conv_layers': 2, 'conv_activation': 'sigmoid', 'conv_kernel_size': 7, 'conv_batchnorm': False, 'adaptive_pool_size': 4, 'lin_layers': 1, 'lin_activation': 'relu', 'lin_batchnorm': False, 'lr': 0.0001}. Best is trial 0 with value: 0.2918410822749138.
[I 2025-08-12 15:40:11,171] Trial 246 finished with value: 0.9502379298210144 and parameters: {'conv_layers': 2, 'conv_activation': 'sigmoid', 'conv_kernel_size': 7, 'conv_batchnorm': False, 'adaptive_pool_size': 4, 'lin_layers': 1, 'lin_activation': 'relu', 'lin_batchnorm': False, 'lr': 0.0001}. Best is trial 0 with value: 0.2918410822749138.
[I 2025-08-12 15:40:13,157] Trial 247 pruned. 
[I 2025-08-12 15:40:13,836] Trial 248 pruned. 
[I 2025-08-12 15:40:16,601] Trial 249 finished with value: 1.0473337173461914 and parameters: {'conv_layers': 2, 'conv_activation': 'sigmoid', 'conv_kernel_size': 5, 'conv_batchnorm': False, 'adaptive_pool_size': 4, 'lin_layers': 1, 'lin_activation': 'relu', 'lin_batchnorm': False, 'lr': 0.0001}. Best is trial 0 with value: 0.2918410822749138.
[I 2025-08-12 15:40:19,292] Trial 250 finished with value: 0.8332044780254364 and parameters: {'conv_layers': 2, 'conv_activation': 'sigmoid', 'conv_kernel_size': 7, 'conv_batchnorm': False, 'adaptive_pool_size': 4, 'lin_layers': 1, 'lin_activation': 'relu', 'lin_batchnorm': False, 'lr': 0.001}. Best is trial 0 with value: 0.2918410822749138.
[I 2025-08-12 15:40:20,007] Trial 251 pruned. 
[I 2025-08-12 15:40:22,249] Trial 252 pruned. 
[I 2025-08-12 15:40:24,888] Trial 253 finished with value: 1.002810686826706 and parameters: {'conv_layers': 3, 'conv_activation': 'sigmoid', 'conv_kernel_size': 7, 'conv_batchnorm': False, 'adaptive_pool_size': 4, 'lin_layers': 1, 'lin_activation': 'relu', 'lin_batchnorm': False, 'lr': 0.001}. Best is trial 0 with value: 0.2918410822749138.
[I 2025-08-12 15:40:25,659] Trial 254 pruned. 
[I 2025-08-12 15:40:28,441] Trial 255 finished with value: 0.6575901210308075 and parameters: {'conv_layers': 2, 'conv_activation': 'sigmoid', 'conv_kernel_size': 3, 'conv_batchnorm': False, 'adaptive_pool_size': 4, 'lin_layers': 1, 'lin_activation': 'relu', 'lin_batchnorm': False, 'lr': 0.001}. Best is trial 0 with value: 0.2918410822749138.
[I 2025-08-12 15:40:31,034] Trial 256 finished with value: 1.0567213296890259 and parameters: {'conv_layers': 2, 'conv_activation': 'sigmoid', 'conv_kernel_size': 3, 'conv_batchnorm': False, 'adaptive_pool_size': 4, 'lin_layers': 1, 'lin_activation': 'relu', 'lin_batchnorm': False, 'lr': 0.001}. Best is trial 0 with value: 0.2918410822749138.
[I 2025-08-12 15:40:33,598] Trial 257 finished with value: 1.0594516396522522 and parameters: {'conv_layers': 2, 'conv_activation': 'sigmoid', 'conv_kernel_size': 3, 'conv_batchnorm': False, 'adaptive_pool_size': 4, 'lin_layers': 1, 'lin_activation': 'relu', 'lin_batchnorm': False, 'lr': 0.001}. Best is trial 0 with value: 0.2918410822749138.
[I 2025-08-12 15:40:35,446] Trial 258 pruned. 
[I 2025-08-12 15:40:37,363] Trial 259 pruned. 
[I 2025-08-12 15:40:40,066] Trial 260 finished with value: 1.0308625996112823 and parameters: {'conv_layers': 2, 'conv_activation': 'sigmoid', 'conv_kernel_size': 3, 'conv_batchnorm': False, 'adaptive_pool_size': 4, 'lin_layers': 1, 'lin_activation': 'relu', 'lin_batchnorm': False, 'lr': 0.001}. Best is trial 0 with value: 0.2918410822749138.
[I 2025-08-12 15:40:42,069] Trial 261 pruned. 
[I 2025-08-12 15:40:44,655] Trial 262 finished with value: 1.042228639125824 and parameters: {'conv_layers': 2, 'conv_activation': 'sigmoid', 'conv_kernel_size': 7, 'conv_batchnorm': False, 'adaptive_pool_size': 4, 'lin_layers': 1, 'lin_activation': 'relu', 'lin_batchnorm': False, 'lr': 0.05}. Best is trial 0 with value: 0.2918410822749138.
[I 2025-08-12 15:40:46,601] Trial 263 pruned. 
[I 2025-08-12 15:40:49,530] Trial 264 finished with value: 1.062349408864975 and parameters: {'conv_layers': 2, 'conv_activation': 'sigmoid', 'conv_kernel_size': 3, 'conv_batchnorm': False, 'adaptive_pool_size': 4, 'lin_layers': 1, 'lin_activation': 'sigmoid', 'lin_batchnorm': False, 'lr': 0.0001}. Best is trial 0 with value: 0.2918410822749138.
[I 2025-08-12 15:40:51,488] Trial 265 pruned. 
[I 2025-08-12 15:40:53,545] Trial 266 pruned. 
[I 2025-08-12 15:40:54,594] Trial 267 pruned. 
[I 2025-08-12 15:40:57,829] Trial 268 finished with value: 0.9693743884563446 and parameters: {'conv_layers': 2, 'conv_activation': 'sigmoid', 'conv_kernel_size': 7, 'conv_batchnorm': False, 'adaptive_pool_size': 4, 'lin_layers': 1, 'lin_activation': 'relu', 'lin_batchnorm': False, 'lr': 0.0001}. Best is trial 0 with value: 0.2918410822749138.
[I 2025-08-12 15:40:59,534] Trial 269 pruned. 
[I 2025-08-12 15:41:01,512] Trial 270 pruned. 
[I 2025-08-12 15:41:03,393] Trial 271 pruned. 
[I 2025-08-12 15:41:06,101] Trial 272 finished with value: 0.8568840324878693 and parameters: {'conv_layers': 2, 'conv_activation': 'sigmoid', 'conv_kernel_size': 7, 'conv_batchnorm': False, 'adaptive_pool_size': 4, 'lin_layers': 1, 'lin_activation': 'relu', 'lin_batchnorm': False, 'lr': 0.0001}. Best is trial 0 with value: 0.2918410822749138.
[I 2025-08-12 15:41:08,131] Trial 273 pruned. 
[I 2025-08-12 15:41:11,025] Trial 274 finished with value: 1.0816436409950256 and parameters: {'conv_layers': 3, 'conv_activation': 'sigmoid', 'conv_kernel_size': 7, 'conv_batchnorm': False, 'adaptive_pool_size': 4, 'lin_layers': 1, 'lin_activation': 'relu', 'lin_batchnorm': False, 'lr': 0.0001}. Best is trial 0 with value: 0.2918410822749138.
[I 2025-08-12 15:41:14,140] Trial 275 finished with value: 0.21435055881738663 and parameters: {'conv_layers': 2, 'conv_activation': 'sigmoid', 'conv_kernel_size': 7, 'conv_batchnorm': False, 'adaptive_pool_size': 3, 'lin_layers': 1, 'lin_activation': 'relu', 'lin_batchnorm': False, 'lr': 0.001}. Best is trial 275 with value: 0.21435055881738663.
[I 2025-08-12 15:41:14,981] Trial 276 pruned. 
[I 2025-08-12 15:41:15,447] Trial 277 pruned. 
[I 2025-08-12 15:41:15,991] Trial 278 pruned. 
[I 2025-08-12 15:41:17,995] Trial 279 pruned. 
[I 2025-08-12 15:41:18,675] Trial 280 pruned. 
[I 2025-08-12 15:41:21,171] Trial 281 finished with value: 1.017435371875763 and parameters: {'conv_layers': 2, 'conv_activation': 'sigmoid', 'conv_kernel_size': 7, 'conv_batchnorm': False, 'adaptive_pool_size': 4, 'lin_layers': 1, 'lin_activation': 'relu', 'lin_batchnorm': False, 'lr': 0.0001}. Best is trial 275 with value: 0.21435055881738663.
[I 2025-08-12 15:41:22,920] Trial 282 pruned. 
[I 2025-08-12 15:41:25,741] Trial 283 finished with value: 1.04813352227211 and parameters: {'conv_layers': 2, 'conv_activation': 'sigmoid', 'conv_kernel_size': 7, 'conv_batchnorm': False, 'adaptive_pool_size': 3, 'lin_layers': 1, 'lin_activation': 'sigmoid', 'lin_batchnorm': False, 'lr': 0.05}. Best is trial 275 with value: 0.21435055881738663.
[I 2025-08-12 15:41:27,922] Trial 284 pruned. 
[I 2025-08-12 15:41:30,194] Trial 285 pruned. 
[I 2025-08-12 15:41:33,099] Trial 286 finished with value: 0.9019988775253296 and parameters: {'conv_layers': 2, 'conv_activation': 'sigmoid', 'conv_kernel_size': 7, 'conv_batchnorm': False, 'adaptive_pool_size': 4, 'lin_layers': 1, 'lin_activation': 'tanh', 'lin_batchnorm': False, 'lr': 0.0001}. Best is trial 275 with value: 0.21435055881738663.
[I 2025-08-12 15:41:35,322] Trial 287 pruned. 
[I 2025-08-12 15:41:37,186] Trial 288 pruned. 
[I 2025-08-12 15:41:40,402] Trial 289 finished with value: 0.9738549292087555 and parameters: {'conv_layers': 2, 'conv_activation': 'sigmoid', 'conv_kernel_size': 7, 'conv_batchnorm': False, 'adaptive_pool_size': 4, 'lin_layers': 1, 'lin_activation': 'relu', 'lin_batchnorm': False, 'lr': 0.0001}. Best is trial 275 with value: 0.21435055881738663.
[I 2025-08-12 15:41:43,742] Trial 290 finished with value: 0.9163314700126648 and parameters: {'conv_layers': 2, 'conv_activation': 'sigmoid', 'conv_kernel_size': 7, 'conv_batchnorm': False, 'adaptive_pool_size': 4, 'lin_layers': 1, 'lin_activation': 'tanh', 'lin_batchnorm': False, 'lr': 0.0001}. Best is trial 275 with value: 0.21435055881738663.
[I 2025-08-12 15:41:45,836] Trial 291 pruned. 
[I 2025-08-12 15:41:46,544] Trial 292 pruned. 
[I 2025-08-12 15:41:49,731] Trial 293 finished with value: 0.935142993927002 and parameters: {'conv_layers': 2, 'conv_activation': 'sigmoid', 'conv_kernel_size': 7, 'conv_batchnorm': False, 'adaptive_pool_size': 4, 'lin_layers': 1, 'lin_activation': 'tanh', 'lin_batchnorm': False, 'lr': 0.0001}. Best is trial 275 with value: 0.21435055881738663.
[I 2025-08-12 15:41:50,412] Trial 294 pruned. 
[I 2025-08-12 15:41:52,058] Trial 295 pruned. 
[I 2025-08-12 15:41:54,984] Trial 296 finished with value: 0.9002239406108856 and parameters: {'conv_layers': 2, 'conv_activation': 'sigmoid', 'conv_kernel_size': 7, 'conv_batchnorm': False, 'adaptive_pool_size': 4, 'lin_layers': 1, 'lin_activation': 'tanh', 'lin_batchnorm': False, 'lr': 0.001}. Best is trial 275 with value: 0.21435055881738663.
[I 2025-08-12 15:41:57,724] Trial 297 finished with value: 1.0496919453144073 and parameters: {'conv_layers': 2, 'conv_activation': 'sigmoid', 'conv_kernel_size': 5, 'conv_batchnorm': False, 'adaptive_pool_size': 4, 'lin_layers': 1, 'lin_activation': 'tanh', 'lin_batchnorm': False, 'lr': 0.001}. Best is trial 275 with value: 0.21435055881738663.
[I 2025-08-12 15:41:58,927] Trial 298 pruned. 
[I 2025-08-12 15:42:01,897] Trial 299 finished with value: 1.0827852487564087 and parameters: {'conv_layers': 3, 'conv_activation': 'sigmoid', 'conv_kernel_size': 7, 'conv_batchnorm': False, 'adaptive_pool_size': 4, 'lin_layers': 1, 'lin_activation': 'tanh', 'lin_batchnorm': False, 'lr': 0.001}. Best is trial 275 with value: 0.21435055881738663.
[I 2025-08-12 15:42:02,490] Trial 300 pruned. 
[I 2025-08-12 15:42:03,135] Trial 301 pruned. 
[I 2025-08-12 15:42:03,694] Trial 302 pruned. 
[I 2025-08-12 15:42:05,663] Trial 303 pruned. 
[I 2025-08-12 15:42:08,547] Trial 304 finished with value: 1.090637356042862 and parameters: {'conv_layers': 2, 'conv_activation': 'sigmoid', 'conv_kernel_size': 7, 'conv_batchnorm': False, 'adaptive_pool_size': 4, 'lin_layers': 2, 'lin_activation': 'tanh', 'lin_batchnorm': False, 'lr': 0.05}. Best is trial 275 with value: 0.21435055881738663.
[I 2025-08-12 15:42:09,679] Trial 305 pruned. 
[I 2025-08-12 15:42:10,270] Trial 306 pruned. 
[I 2025-08-12 15:42:12,426] Trial 307 finished with value: 1.0750357508659363 and parameters: {'conv_layers': 2, 'conv_activation': 'sigmoid', 'conv_kernel_size': 3, 'conv_batchnorm': False, 'adaptive_pool_size': 4, 'lin_layers': 1, 'lin_activation': 'sigmoid', 'lin_batchnorm': False, 'lr': 0.0001}. Best is trial 275 with value: 0.21435055881738663.
[I 2025-08-12 15:42:14,238] Trial 308 pruned. 
[I 2025-08-12 15:42:17,280] Trial 309 finished with value: 0.6398985832929611 and parameters: {'conv_layers': 3, 'conv_activation': 'sigmoid', 'conv_kernel_size': 7, 'conv_batchnorm': False, 'adaptive_pool_size': 4, 'lin_layers': 1, 'lin_activation': 'relu', 'lin_batchnorm': False, 'lr': 0.001}. Best is trial 275 with value: 0.21435055881738663.
[I 2025-08-12 15:42:20,249] Trial 310 finished with value: 1.0389262437820435 and parameters: {'conv_layers': 3, 'conv_activation': 'sigmoid', 'conv_kernel_size': 7, 'conv_batchnorm': False, 'adaptive_pool_size': 4, 'lin_layers': 1, 'lin_activation': 'relu', 'lin_batchnorm': False, 'lr': 0.001}. Best is trial 275 with value: 0.21435055881738663.
[I 2025-08-12 15:42:22,718] Trial 311 finished with value: 1.0838623046875 and parameters: {'conv_layers': 3, 'conv_activation': 'sigmoid', 'conv_kernel_size': 7, 'conv_batchnorm': False, 'adaptive_pool_size': 4, 'lin_layers': 1, 'lin_activation': 'tanh', 'lin_batchnorm': False, 'lr': 0.001}. Best is trial 275 with value: 0.21435055881738663.
[I 2025-08-12 15:42:23,200] Trial 312 pruned. 
[I 2025-08-12 15:42:26,345] Trial 313 finished with value: 0.9004892706871033 and parameters: {'conv_layers': 3, 'conv_activation': 'sigmoid', 'conv_kernel_size': 7, 'conv_batchnorm': False, 'adaptive_pool_size': 2, 'lin_layers': 1, 'lin_activation': 'relu', 'lin_batchnorm': False, 'lr': 0.001}. Best is trial 275 with value: 0.21435055881738663.
[I 2025-08-12 15:42:28,756] Trial 314 finished with value: 0.9049771428108215 and parameters: {'conv_layers': 3, 'conv_activation': 'sigmoid', 'conv_kernel_size': 7, 'conv_batchnorm': False, 'adaptive_pool_size': 2, 'lin_layers': 1, 'lin_activation': 'relu', 'lin_batchnorm': False, 'lr': 0.001}. Best is trial 275 with value: 0.21435055881738663.
[I 2025-08-12 15:42:31,508] Trial 315 finished with value: 1.0683441460132599 and parameters: {'conv_layers': 3, 'conv_activation': 'sigmoid', 'conv_kernel_size': 7, 'conv_batchnorm': False, 'adaptive_pool_size': 2, 'lin_layers': 1, 'lin_activation': 'relu', 'lin_batchnorm': False, 'lr': 0.001}. Best is trial 275 with value: 0.21435055881738663.
[I 2025-08-12 15:42:34,506] Trial 316 finished with value: 0.7336614727973938 and parameters: {'conv_layers': 3, 'conv_activation': 'sigmoid', 'conv_kernel_size': 7, 'conv_batchnorm': False, 'adaptive_pool_size': 2, 'lin_layers': 1, 'lin_activation': 'relu', 'lin_batchnorm': False, 'lr': 0.001}. Best is trial 275 with value: 0.21435055881738663.
[I 2025-08-12 15:42:37,398] Trial 317 finished with value: 1.0775810480117798 and parameters: {'conv_layers': 3, 'conv_activation': 'sigmoid', 'conv_kernel_size': 7, 'conv_batchnorm': False, 'adaptive_pool_size': 2, 'lin_layers': 1, 'lin_activation': 'tanh', 'lin_batchnorm': False, 'lr': 0.001}. Best is trial 275 with value: 0.21435055881738663.
[I 2025-08-12 15:42:37,892] Trial 318 pruned. 
[I 2025-08-12 15:42:40,458] Trial 319 finished with value: 0.5801371335983276 and parameters: {'conv_layers': 3, 'conv_activation': 'sigmoid', 'conv_kernel_size': 5, 'conv_batchnorm': False, 'adaptive_pool_size': 3, 'lin_layers': 1, 'lin_activation': 'relu', 'lin_batchnorm': False, 'lr': 0.001}. Best is trial 275 with value: 0.21435055881738663.
[I 2025-08-12 15:42:42,028] Trial 320 pruned. 
[I 2025-08-12 15:42:44,497] Trial 321 finished with value: 0.7470628023147583 and parameters: {'conv_layers': 3, 'conv_activation': 'sigmoid', 'conv_kernel_size': 5, 'conv_batchnorm': False, 'adaptive_pool_size': 2, 'lin_layers': 1, 'lin_activation': 'relu', 'lin_batchnorm': False, 'lr': 0.001}. Best is trial 275 with value: 0.21435055881738663.
[I 2025-08-12 15:42:47,399] Trial 322 finished with value: 1.0681942105293274 and parameters: {'conv_layers': 3, 'conv_activation': 'sigmoid', 'conv_kernel_size': 5, 'conv_batchnorm': False, 'adaptive_pool_size': 2, 'lin_layers': 1, 'lin_activation': 'relu', 'lin_batchnorm': False, 'lr': 0.001}. Best is trial 275 with value: 0.21435055881738663.
[I 2025-08-12 15:42:48,172] Trial 323 pruned. 
[I 2025-08-12 15:42:51,155] Trial 324 finished with value: 1.048816740512848 and parameters: {'conv_layers': 3, 'conv_activation': 'sigmoid', 'conv_kernel_size': 5, 'conv_batchnorm': False, 'adaptive_pool_size': 2, 'lin_layers': 1, 'lin_activation': 'tanh', 'lin_batchnorm': False, 'lr': 0.001}. Best is trial 275 with value: 0.21435055881738663.
[I 2025-08-12 15:42:54,043] Trial 325 finished with value: 0.7258066833019257 and parameters: {'conv_layers': 3, 'conv_activation': 'sigmoid', 'conv_kernel_size': 5, 'conv_batchnorm': False, 'adaptive_pool_size': 2, 'lin_layers': 3, 'lin_activation': 'relu', 'lin_batchnorm': False, 'lr': 0.001}. Best is trial 275 with value: 0.21435055881738663.
[I 2025-08-12 15:42:54,786] Trial 326 pruned. 
[I 2025-08-12 15:42:57,740] Trial 327 finished with value: 0.8846703171730042 and parameters: {'conv_layers': 3, 'conv_activation': 'sigmoid', 'conv_kernel_size': 5, 'conv_batchnorm': False, 'adaptive_pool_size': 2, 'lin_layers': 3, 'lin_activation': 'relu', 'lin_batchnorm': False, 'lr': 0.001}. Best is trial 275 with value: 0.21435055881738663.
[I 2025-08-12 15:43:00,443] Trial 328 finished with value: 1.0921579599380493 and parameters: {'conv_layers': 3, 'conv_activation': 'sigmoid', 'conv_kernel_size': 5, 'conv_batchnorm': False, 'adaptive_pool_size': 2, 'lin_layers': 3, 'lin_activation': 'relu', 'lin_batchnorm': False, 'lr': 0.001}. Best is trial 275 with value: 0.21435055881738663.
[I 2025-08-12 15:43:02,412] Trial 329 pruned. 
[I 2025-08-12 15:43:04,665] Trial 330 finished with value: 0.7591931223869324 and parameters: {'conv_layers': 3, 'conv_activation': 'sigmoid', 'conv_kernel_size': 5, 'conv_batchnorm': False, 'adaptive_pool_size': 2, 'lin_layers': 3, 'lin_activation': 'relu', 'lin_batchnorm': False, 'lr': 0.001}. Best is trial 275 with value: 0.21435055881738663.
[I 2025-08-12 15:43:07,536] Trial 331 finished with value: 0.5017457455396652 and parameters: {'conv_layers': 3, 'conv_activation': 'sigmoid', 'conv_kernel_size': 5, 'conv_batchnorm': False, 'adaptive_pool_size': 2, 'lin_layers': 3, 'lin_activation': 'relu', 'lin_batchnorm': False, 'lr': 0.001}. Best is trial 275 with value: 0.21435055881738663.
[I 2025-08-12 15:43:09,926] Trial 332 finished with value: 0.6705463230609894 and parameters: {'conv_layers': 3, 'conv_activation': 'sigmoid', 'conv_kernel_size': 5, 'conv_batchnorm': False, 'adaptive_pool_size': 2, 'lin_layers': 3, 'lin_activation': 'relu', 'lin_batchnorm': False, 'lr': 0.001}. Best is trial 275 with value: 0.21435055881738663.
[I 2025-08-12 15:43:12,039] Trial 333 pruned. 
[I 2025-08-12 15:43:13,875] Trial 334 finished with value: 0.7049730122089386 and parameters: {'conv_layers': 3, 'conv_activation': 'sigmoid', 'conv_kernel_size': 5, 'conv_batchnorm': False, 'adaptive_pool_size': 2, 'lin_layers': 3, 'lin_activation': 'relu', 'lin_batchnorm': False, 'lr': 0.001}. Best is trial 275 with value: 0.21435055881738663.
[I 2025-08-12 15:43:16,547] Trial 335 finished with value: 1.0811495184898376 and parameters: {'conv_layers': 3, 'conv_activation': 'sigmoid', 'conv_kernel_size': 5, 'conv_batchnorm': False, 'adaptive_pool_size': 2, 'lin_layers': 3, 'lin_activation': 'relu', 'lin_batchnorm': False, 'lr': 0.001}. Best is trial 275 with value: 0.21435055881738663.
[I 2025-08-12 15:43:18,670] Trial 336 finished with value: 0.8011465668678284 and parameters: {'conv_layers': 3, 'conv_activation': 'sigmoid', 'conv_kernel_size': 5, 'conv_batchnorm': False, 'adaptive_pool_size': 2, 'lin_layers': 3, 'lin_activation': 'relu', 'lin_batchnorm': False, 'lr': 0.001}. Best is trial 275 with value: 0.21435055881738663.
[I 2025-08-12 15:43:20,190] Trial 337 pruned. 
[I 2025-08-12 15:43:22,179] Trial 338 pruned. 
[I 2025-08-12 15:43:22,807] Trial 339 pruned. 
[I 2025-08-12 15:43:23,388] Trial 340 pruned. 
[I 2025-08-12 15:43:24,851] Trial 341 pruned. 
[I 2025-08-12 15:43:26,876] Trial 342 pruned. 
[I 2025-08-12 15:43:29,394] Trial 343 finished with value: 1.0717932283878326 and parameters: {'conv_layers': 3, 'conv_activation': 'sigmoid', 'conv_kernel_size': 5, 'conv_batchnorm': False, 'adaptive_pool_size': 2, 'lin_layers': 3, 'lin_activation': 'relu', 'lin_batchnorm': False, 'lr': 0.001}. Best is trial 275 with value: 0.21435055881738663.
[I 2025-08-12 15:43:31,498] Trial 344 pruned. 
[I 2025-08-12 15:43:34,295] Trial 345 finished with value: 1.0432771146297455 and parameters: {'conv_layers': 3, 'conv_activation': 'sigmoid', 'conv_kernel_size': 5, 'conv_batchnorm': False, 'adaptive_pool_size': 2, 'lin_layers': 3, 'lin_activation': 'relu', 'lin_batchnorm': False, 'lr': 0.001}. Best is trial 275 with value: 0.21435055881738663.
[I 2025-08-12 15:43:34,963] Trial 346 pruned. 
[I 2025-08-12 15:43:37,872] Trial 347 finished with value: 0.8119640648365021 and parameters: {'conv_layers': 3, 'conv_activation': 'sigmoid', 'conv_kernel_size': 5, 'conv_batchnorm': True, 'adaptive_pool_size': 2, 'lin_layers': 3, 'lin_activation': 'relu', 'lin_batchnorm': False, 'lr': 0.001}. Best is trial 275 with value: 0.21435055881738663.
[I 2025-08-12 15:43:38,582] Trial 348 pruned. 
[I 2025-08-12 15:43:39,782] Trial 349 pruned. 
[I 2025-08-12 15:43:40,807] Trial 350 pruned. 
[I 2025-08-12 15:43:41,924] Trial 351 pruned. 
[I 2025-08-12 15:43:43,666] Trial 352 pruned. 
[I 2025-08-12 15:43:44,016] Trial 353 pruned. 
[I 2025-08-12 15:43:45,211] Trial 354 pruned. 
[I 2025-08-12 15:43:48,279] Trial 355 finished with value: 0.6700751483440399 and parameters: {'conv_layers': 3, 'conv_activation': 'sigmoid', 'conv_kernel_size': 5, 'conv_batchnorm': False, 'adaptive_pool_size': 2, 'lin_layers': 3, 'lin_activation': 'relu', 'lin_batchnorm': False, 'lr': 0.001}. Best is trial 275 with value: 0.21435055881738663.
[I 2025-08-12 15:43:50,882] Trial 356 finished with value: 0.6430674344301224 and parameters: {'conv_layers': 3, 'conv_activation': 'sigmoid', 'conv_kernel_size': 5, 'conv_batchnorm': False, 'adaptive_pool_size': 2, 'lin_layers': 3, 'lin_activation': 'relu', 'lin_batchnorm': False, 'lr': 0.001}. Best is trial 275 with value: 0.21435055881738663.
[I 2025-08-12 15:43:53,643] Trial 357 finished with value: 0.9513792097568512 and parameters: {'conv_layers': 3, 'conv_activation': 'sigmoid', 'conv_kernel_size': 5, 'conv_batchnorm': False, 'adaptive_pool_size': 2, 'lin_layers': 3, 'lin_activation': 'relu', 'lin_batchnorm': False, 'lr': 0.001}. Best is trial 275 with value: 0.21435055881738663.
[I 2025-08-12 15:43:55,830] Trial 358 finished with value: 0.8752390742301941 and parameters: {'conv_layers': 3, 'conv_activation': 'sigmoid', 'conv_kernel_size': 5, 'conv_batchnorm': True, 'adaptive_pool_size': 2, 'lin_layers': 3, 'lin_activation': 'relu', 'lin_batchnorm': False, 'lr': 0.001}. Best is trial 275 with value: 0.21435055881738663.
[I 2025-08-12 15:43:57,720] Trial 359 pruned. 
[I 2025-08-12 15:43:58,468] Trial 360 pruned. 
[I 2025-08-12 15:43:59,734] Trial 361 pruned. 
[I 2025-08-12 15:44:01,915] Trial 362 finished with value: 0.6510344743728638 and parameters: {'conv_layers': 3, 'conv_activation': 'sigmoid', 'conv_kernel_size': 5, 'conv_batchnorm': False, 'adaptive_pool_size': 2, 'lin_layers': 3, 'lin_activation': 'relu', 'lin_batchnorm': False, 'lr': 0.001}. Best is trial 275 with value: 0.21435055881738663.
[I 2025-08-12 15:44:02,751] Trial 363 pruned. 
[I 2025-08-12 15:44:03,490] Trial 364 pruned. 
[I 2025-08-12 15:44:04,027] Trial 365 pruned. 
[I 2025-08-12 15:44:04,671] Trial 366 pruned. 
[I 2025-08-12 15:44:05,180] Trial 367 pruned. 
[I 2025-08-12 15:44:06,766] Trial 368 pruned. 
[I 2025-08-12 15:44:09,967] Trial 369 finished with value: 1.0811907649040222 and parameters: {'conv_layers': 3, 'conv_activation': 'sigmoid', 'conv_kernel_size': 5, 'conv_batchnorm': False, 'adaptive_pool_size': 2, 'lin_layers': 3, 'lin_activation': 'relu', 'lin_batchnorm': False, 'lr': 0.001}. Best is trial 275 with value: 0.21435055881738663.
[I 2025-08-12 15:44:11,358] Trial 370 pruned. 
[I 2025-08-12 15:44:12,045] Trial 371 pruned. 
[I 2025-08-12 15:44:15,121] Trial 372 finished with value: 0.5371263176202774 and parameters: {'conv_layers': 3, 'conv_activation': 'sigmoid', 'conv_kernel_size': 5, 'conv_batchnorm': False, 'adaptive_pool_size': 3, 'lin_layers': 3, 'lin_activation': 'relu', 'lin_batchnorm': False, 'lr': 0.001}. Best is trial 275 with value: 0.21435055881738663.
[I 2025-08-12 15:44:16,758] Trial 373 pruned. 
[I 2025-08-12 15:44:18,984] Trial 374 pruned. 
[I 2025-08-12 15:44:21,202] Trial 375 finished with value: 0.7266111969947815 and parameters: {'conv_layers': 3, 'conv_activation': 'sigmoid', 'conv_kernel_size': 5, 'conv_batchnorm': False, 'adaptive_pool_size': 3, 'lin_layers': 3, 'lin_activation': 'relu', 'lin_batchnorm': False, 'lr': 0.001}. Best is trial 275 with value: 0.21435055881738663.
[I 2025-08-12 15:44:23,335] Trial 376 pruned. 
[I 2025-08-12 15:44:25,616] Trial 377 finished with value: 1.0718009769916534 and parameters: {'conv_layers': 3, 'conv_activation': 'sigmoid', 'conv_kernel_size': 5, 'conv_batchnorm': False, 'adaptive_pool_size': 3, 'lin_layers': 3, 'lin_activation': 'relu', 'lin_batchnorm': False, 'lr': 0.001}. Best is trial 275 with value: 0.21435055881738663.
[I 2025-08-12 15:44:28,425] Trial 378 finished with value: 0.8666625916957855 and parameters: {'conv_layers': 3, 'conv_activation': 'sigmoid', 'conv_kernel_size': 5, 'conv_batchnorm': False, 'adaptive_pool_size': 3, 'lin_layers': 3, 'lin_activation': 'relu', 'lin_batchnorm': False, 'lr': 0.001}. Best is trial 275 with value: 0.21435055881738663.
[I 2025-08-12 15:44:30,585] Trial 379 finished with value: 1.0796867609024048 and parameters: {'conv_layers': 3, 'conv_activation': 'sigmoid', 'conv_kernel_size': 5, 'conv_batchnorm': False, 'adaptive_pool_size': 3, 'lin_layers': 3, 'lin_activation': 'relu', 'lin_batchnorm': False, 'lr': 0.001}. Best is trial 275 with value: 0.21435055881738663.
[I 2025-08-12 15:44:33,244] Trial 380 finished with value: 0.6906954050064087 and parameters: {'conv_layers': 3, 'conv_activation': 'sigmoid', 'conv_kernel_size': 5, 'conv_batchnorm': False, 'adaptive_pool_size': 3, 'lin_layers': 3, 'lin_activation': 'relu', 'lin_batchnorm': False, 'lr': 0.001}. Best is trial 275 with value: 0.21435055881738663.
[I 2025-08-12 15:44:35,019] Trial 381 pruned. 
[I 2025-08-12 15:44:37,419] Trial 382 finished with value: 0.71773761510849 and parameters: {'conv_layers': 3, 'conv_activation': 'sigmoid', 'conv_kernel_size': 5, 'conv_batchnorm': False, 'adaptive_pool_size': 3, 'lin_layers': 3, 'lin_activation': 'relu', 'lin_batchnorm': False, 'lr': 0.001}. Best is trial 275 with value: 0.21435055881738663.
[I 2025-08-12 15:44:40,356] Trial 383 finished with value: 0.6302844732999802 and parameters: {'conv_layers': 3, 'conv_activation': 'sigmoid', 'conv_kernel_size': 5, 'conv_batchnorm': False, 'adaptive_pool_size': 3, 'lin_layers': 3, 'lin_activation': 'relu', 'lin_batchnorm': False, 'lr': 0.001}. Best is trial 275 with value: 0.21435055881738663.
[I 2025-08-12 15:44:42,673] Trial 384 finished with value: 1.10157710313797 and parameters: {'conv_layers': 3, 'conv_activation': 'sigmoid', 'conv_kernel_size': 5, 'conv_batchnorm': False, 'adaptive_pool_size': 3, 'lin_layers': 3, 'lin_activation': 'relu', 'lin_batchnorm': False, 'lr': 0.001}. Best is trial 275 with value: 0.21435055881738663.
[I 2025-08-12 15:44:45,480] Trial 385 finished with value: 0.5711233019828796 and parameters: {'conv_layers': 3, 'conv_activation': 'sigmoid', 'conv_kernel_size': 5, 'conv_batchnorm': False, 'adaptive_pool_size': 3, 'lin_layers': 3, 'lin_activation': 'relu', 'lin_batchnorm': False, 'lr': 0.001}. Best is trial 275 with value: 0.21435055881738663.
[I 2025-08-12 15:44:47,675] Trial 386 finished with value: 1.0067956447601318 and parameters: {'conv_layers': 3, 'conv_activation': 'sigmoid', 'conv_kernel_size': 5, 'conv_batchnorm': False, 'adaptive_pool_size': 3, 'lin_layers': 3, 'lin_activation': 'relu', 'lin_batchnorm': False, 'lr': 0.001}. Best is trial 275 with value: 0.21435055881738663.
[I 2025-08-12 15:44:50,813] Trial 387 finished with value: 0.36988459900021553 and parameters: {'conv_layers': 3, 'conv_activation': 'sigmoid', 'conv_kernel_size': 5, 'conv_batchnorm': False, 'adaptive_pool_size': 3, 'lin_layers': 3, 'lin_activation': 'relu', 'lin_batchnorm': False, 'lr': 0.001}. Best is trial 275 with value: 0.21435055881738663.
[I 2025-08-12 15:44:53,706] Trial 388 finished with value: 1.0330109596252441 and parameters: {'conv_layers': 3, 'conv_activation': 'sigmoid', 'conv_kernel_size': 5, 'conv_batchnorm': False, 'adaptive_pool_size': 3, 'lin_layers': 3, 'lin_activation': 'relu', 'lin_batchnorm': False, 'lr': 0.001}. Best is trial 275 with value: 0.21435055881738663.
[I 2025-08-12 15:44:54,328] Trial 389 pruned. 
[I 2025-08-12 15:44:55,512] Trial 390 pruned. 
[I 2025-08-12 15:44:56,769] Trial 391 pruned. 
[I 2025-08-12 15:44:57,257] Trial 392 pruned. 
[I 2025-08-12 15:45:00,283] Trial 393 finished with value: 1.0462106466293335 and parameters: {'conv_layers': 3, 'conv_activation': 'sigmoid', 'conv_kernel_size': 5, 'conv_batchnorm': False, 'adaptive_pool_size': 3, 'lin_layers': 3, 'lin_activation': 'relu', 'lin_batchnorm': False, 'lr': 0.001}. Best is trial 275 with value: 0.21435055881738663.
[I 2025-08-12 15:45:02,626] Trial 394 finished with value: 1.0865728259086609 and parameters: {'conv_layers': 3, 'conv_activation': 'sigmoid', 'conv_kernel_size': 5, 'conv_batchnorm': False, 'adaptive_pool_size': 3, 'lin_layers': 3, 'lin_activation': 'relu', 'lin_batchnorm': False, 'lr': 0.001}. Best is trial 275 with value: 0.21435055881738663.
[I 2025-08-12 15:45:04,533] Trial 395 pruned. 
[I 2025-08-12 15:45:05,026] Trial 396 pruned. 
[I 2025-08-12 15:45:06,930] Trial 397 finished with value: 1.04646235704422 and parameters: {'conv_layers': 3, 'conv_activation': 'sigmoid', 'conv_kernel_size': 5, 'conv_batchnorm': False, 'adaptive_pool_size': 3, 'lin_layers': 3, 'lin_activation': 'relu', 'lin_batchnorm': False, 'lr': 0.001}. Best is trial 275 with value: 0.21435055881738663.
[I 2025-08-12 15:45:09,540] Trial 398 pruned. 
[I 2025-08-12 15:45:10,111] Trial 399 pruned. 
[I 2025-08-12 15:45:11,312] Trial 400 pruned. 
[I 2025-08-12 15:45:13,753] Trial 401 finished with value: 0.8859400749206543 and parameters: {'conv_layers': 3, 'conv_activation': 'sigmoid', 'conv_kernel_size': 5, 'conv_batchnorm': False, 'adaptive_pool_size': 3, 'lin_layers': 3, 'lin_activation': 'relu', 'lin_batchnorm': False, 'lr': 0.001}. Best is trial 275 with value: 0.21435055881738663.
[I 2025-08-12 15:45:14,842] Trial 402 pruned. 
[I 2025-08-12 15:45:16,915] Trial 403 finished with value: 0.6938713788986206 and parameters: {'conv_layers': 3, 'conv_activation': 'sigmoid', 'conv_kernel_size': 5, 'conv_batchnorm': False, 'adaptive_pool_size': 3, 'lin_layers': 3, 'lin_activation': 'relu', 'lin_batchnorm': False, 'lr': 0.001}. Best is trial 275 with value: 0.21435055881738663.
[I 2025-08-12 15:45:19,480] Trial 404 finished with value: 1.0677840411663055 and parameters: {'conv_layers': 3, 'conv_activation': 'sigmoid', 'conv_kernel_size': 5, 'conv_batchnorm': False, 'adaptive_pool_size': 3, 'lin_layers': 3, 'lin_activation': 'relu', 'lin_batchnorm': False, 'lr': 0.001}. Best is trial 275 with value: 0.21435055881738663.
[I 2025-08-12 15:45:21,565] Trial 405 finished with value: 1.12040376663208 and parameters: {'conv_layers': 3, 'conv_activation': 'sigmoid', 'conv_kernel_size': 5, 'conv_batchnorm': False, 'adaptive_pool_size': 3, 'lin_layers': 3, 'lin_activation': 'relu', 'lin_batchnorm': False, 'lr': 0.001}. Best is trial 275 with value: 0.21435055881738663.
[I 2025-08-12 15:45:24,098] Trial 406 finished with value: 1.0797097086906433 and parameters: {'conv_layers': 3, 'conv_activation': 'sigmoid', 'conv_kernel_size': 5, 'conv_batchnorm': False, 'adaptive_pool_size': 3, 'lin_layers': 3, 'lin_activation': 'relu', 'lin_batchnorm': False, 'lr': 0.001}. Best is trial 275 with value: 0.21435055881738663.
[I 2025-08-12 15:45:26,442] Trial 407 finished with value: 0.7532193958759308 and parameters: {'conv_layers': 3, 'conv_activation': 'sigmoid', 'conv_kernel_size': 5, 'conv_batchnorm': False, 'adaptive_pool_size': 3, 'lin_layers': 3, 'lin_activation': 'relu', 'lin_batchnorm': False, 'lr': 0.001}. Best is trial 275 with value: 0.21435055881738663.
[I 2025-08-12 15:45:27,957] Trial 408 pruned. 
[I 2025-08-12 15:45:30,914] Trial 409 finished with value: 1.0544106662273407 and parameters: {'conv_layers': 3, 'conv_activation': 'sigmoid', 'conv_kernel_size': 5, 'conv_batchnorm': False, 'adaptive_pool_size': 3, 'lin_layers': 3, 'lin_activation': 'relu', 'lin_batchnorm': False, 'lr': 0.001}. Best is trial 275 with value: 0.21435055881738663.
[I 2025-08-12 15:45:31,482] Trial 410 pruned. 
[I 2025-08-12 15:45:33,586] Trial 411 finished with value: 0.9998680353164673 and parameters: {'conv_layers': 3, 'conv_activation': 'sigmoid', 'conv_kernel_size': 5, 'conv_batchnorm': False, 'adaptive_pool_size': 3, 'lin_layers': 3, 'lin_activation': 'relu', 'lin_batchnorm': False, 'lr': 0.001}. Best is trial 275 with value: 0.21435055881738663.
[I 2025-08-12 15:45:36,839] Trial 412 finished with value: 1.0931655168533325 and parameters: {'conv_layers': 3, 'conv_activation': 'sigmoid', 'conv_kernel_size': 5, 'conv_batchnorm': False, 'adaptive_pool_size': 3, 'lin_layers': 3, 'lin_activation': 'relu', 'lin_batchnorm': False, 'lr': 0.001}. Best is trial 275 with value: 0.21435055881738663.
[I 2025-08-12 15:45:38,552] Trial 413 pruned. 
[I 2025-08-12 15:45:41,388] Trial 414 finished with value: 1.0818108916282654 and parameters: {'conv_layers': 3, 'conv_activation': 'sigmoid', 'conv_kernel_size': 5, 'conv_batchnorm': False, 'adaptive_pool_size': 3, 'lin_layers': 3, 'lin_activation': 'relu', 'lin_batchnorm': False, 'lr': 0.001}. Best is trial 275 with value: 0.21435055881738663.
[I 2025-08-12 15:45:43,269] Trial 415 pruned. 
[I 2025-08-12 15:45:46,247] Trial 416 finished with value: 1.0745874643325806 and parameters: {'conv_layers': 3, 'conv_activation': 'sigmoid', 'conv_kernel_size': 5, 'conv_batchnorm': False, 'adaptive_pool_size': 3, 'lin_layers': 3, 'lin_activation': 'relu', 'lin_batchnorm': False, 'lr': 0.005}. Best is trial 275 with value: 0.21435055881738663.
[I 2025-08-12 15:45:46,912] Trial 417 pruned. 
[I 2025-08-12 15:45:49,198] Trial 418 finished with value: 0.6547264009714127 and parameters: {'conv_layers': 3, 'conv_activation': 'sigmoid', 'conv_kernel_size': 5, 'conv_batchnorm': False, 'adaptive_pool_size': 2, 'lin_layers': 3, 'lin_activation': 'relu', 'lin_batchnorm': False, 'lr': 0.001}. Best is trial 275 with value: 0.21435055881738663.
[I 2025-08-12 15:45:52,275] Trial 419 finished with value: 1.093363344669342 and parameters: {'conv_layers': 3, 'conv_activation': 'sigmoid', 'conv_kernel_size': 5, 'conv_batchnorm': False, 'adaptive_pool_size': 3, 'lin_layers': 3, 'lin_activation': 'relu', 'lin_batchnorm': False, 'lr': 0.001}. Best is trial 275 with value: 0.21435055881738663.
[I 2025-08-12 15:45:54,907] Trial 420 finished with value: 0.7857308387756348 and parameters: {'conv_layers': 3, 'conv_activation': 'sigmoid', 'conv_kernel_size': 5, 'conv_batchnorm': False, 'adaptive_pool_size': 2, 'lin_layers': 3, 'lin_activation': 'relu', 'lin_batchnorm': False, 'lr': 0.001}. Best is trial 275 with value: 0.21435055881738663.
[I 2025-08-12 15:45:57,608] Trial 421 finished with value: 1.0550454258918762 and parameters: {'conv_layers': 3, 'conv_activation': 'sigmoid', 'conv_kernel_size': 5, 'conv_batchnorm': False, 'adaptive_pool_size': 3, 'lin_layers': 3, 'lin_activation': 'relu', 'lin_batchnorm': False, 'lr': 0.05}. Best is trial 275 with value: 0.21435055881738663.
[I 2025-08-12 15:45:59,110] Trial 422 pruned. 
[I 2025-08-12 15:46:01,895] Trial 423 finished with value: 0.6461665630340576 and parameters: {'conv_layers': 3, 'conv_activation': 'relu', 'conv_kernel_size': 5, 'conv_batchnorm': False, 'adaptive_pool_size': 3, 'lin_layers': 3, 'lin_activation': 'sigmoid', 'lin_batchnorm': False, 'lr': 0.001}. Best is trial 275 with value: 0.21435055881738663.
[I 2025-08-12 15:46:02,592] Trial 424 pruned. 
[I 2025-08-12 15:46:03,036] Trial 425 pruned. 
[I 2025-08-12 15:46:03,837] Trial 426 pruned. 
[I 2025-08-12 15:46:04,669] Trial 427 pruned. 
[I 2025-08-12 15:46:05,771] Trial 428 pruned. 
[I 2025-08-12 15:46:06,631] Trial 429 pruned. 
[I 2025-08-12 15:46:07,842] Trial 430 pruned. 
[I 2025-08-12 15:46:09,859] Trial 431 pruned. 
[I 2025-08-12 15:46:12,274] Trial 432 pruned. 
[I 2025-08-12 15:46:13,207] Trial 433 pruned. 
[I 2025-08-12 15:46:14,901] Trial 434 pruned. 
[I 2025-08-12 15:46:17,729] Trial 435 finished with value: 0.6416196227073669 and parameters: {'conv_layers': 3, 'conv_activation': 'sigmoid', 'conv_kernel_size': 5, 'conv_batchnorm': False, 'adaptive_pool_size': 3, 'lin_layers': 3, 'lin_activation': 'relu', 'lin_batchnorm': False, 'lr': 0.001}. Best is trial 275 with value: 0.21435055881738663.
[I 2025-08-12 15:46:20,140] Trial 436 finished with value: 0.5450948178768158 and parameters: {'conv_layers': 3, 'conv_activation': 'sigmoid', 'conv_kernel_size': 5, 'conv_batchnorm': False, 'adaptive_pool_size': 2, 'lin_layers': 3, 'lin_activation': 'relu', 'lin_batchnorm': False, 'lr': 0.001}. Best is trial 275 with value: 0.21435055881738663.
[I 2025-08-12 15:46:22,983] Trial 437 finished with value: 0.9910436570644379 and parameters: {'conv_layers': 3, 'conv_activation': 'sigmoid', 'conv_kernel_size': 5, 'conv_batchnorm': False, 'adaptive_pool_size': 3, 'lin_layers': 3, 'lin_activation': 'relu', 'lin_batchnorm': False, 'lr': 0.001}. Best is trial 275 with value: 0.21435055881738663.
[I 2025-08-12 15:46:25,385] Trial 438 finished with value: 1.0760153532028198 and parameters: {'conv_layers': 3, 'conv_activation': 'sigmoid', 'conv_kernel_size': 5, 'conv_batchnorm': False, 'adaptive_pool_size': 2, 'lin_layers': 3, 'lin_activation': 'relu', 'lin_batchnorm': False, 'lr': 0.001}. Best is trial 275 with value: 0.21435055881738663.
[I 2025-08-12 15:46:27,334] Trial 439 pruned. 
[I 2025-08-12 15:46:29,827] Trial 440 finished with value: 1.0003863275051117 and parameters: {'conv_layers': 3, 'conv_activation': 'sigmoid', 'conv_kernel_size': 5, 'conv_batchnorm': False, 'adaptive_pool_size': 2, 'lin_layers': 3, 'lin_activation': 'relu', 'lin_batchnorm': False, 'lr': 0.005}. Best is trial 275 with value: 0.21435055881738663.
[I 2025-08-12 15:46:32,708] Trial 441 finished with value: 0.9876726865768433 and parameters: {'conv_layers': 3, 'conv_activation': 'sigmoid', 'conv_kernel_size': 3, 'conv_batchnorm': False, 'adaptive_pool_size': 3, 'lin_layers': 3, 'lin_activation': 'relu', 'lin_batchnorm': False, 'lr': 0.001}. Best is trial 275 with value: 0.21435055881738663.
[I 2025-08-12 15:46:33,437] Trial 442 pruned. 
[I 2025-08-12 15:46:36,342] Trial 443 finished with value: 0.7089841663837433 and parameters: {'conv_layers': 3, 'conv_activation': 'sigmoid', 'conv_kernel_size': 5, 'conv_batchnorm': False, 'adaptive_pool_size': 3, 'lin_layers': 3, 'lin_activation': 'relu', 'lin_batchnorm': False, 'lr': 0.001}. Best is trial 275 with value: 0.21435055881738663.
[I 2025-08-12 15:46:38,915] Trial 444 finished with value: 1.0600111782550812 and parameters: {'conv_layers': 3, 'conv_activation': 'sigmoid', 'conv_kernel_size': 5, 'conv_batchnorm': False, 'adaptive_pool_size': 3, 'lin_layers': 3, 'lin_activation': 'relu', 'lin_batchnorm': False, 'lr': 0.05}. Best is trial 275 with value: 0.21435055881738663.
[I 2025-08-12 15:46:39,812] Trial 445 pruned. 
[I 2025-08-12 15:46:41,747] Trial 446 pruned. 
[I 2025-08-12 15:46:44,497] Trial 447 finished with value: 1.073138266801834 and parameters: {'conv_layers': 3, 'conv_activation': 'sigmoid', 'conv_kernel_size': 5, 'conv_batchnorm': False, 'adaptive_pool_size': 3, 'lin_layers': 3, 'lin_activation': 'relu', 'lin_batchnorm': False, 'lr': 0.001}. Best is trial 275 with value: 0.21435055881738663.
[I 2025-08-12 15:46:46,331] Trial 448 pruned. 
[I 2025-08-12 15:46:46,773] Trial 449 pruned. 
[I 2025-08-12 15:46:48,720] Trial 450 finished with value: 0.9957143366336823 and parameters: {'conv_layers': 3, 'conv_activation': 'sigmoid', 'conv_kernel_size': 5, 'conv_batchnorm': False, 'adaptive_pool_size': 3, 'lin_layers': 3, 'lin_activation': 'relu', 'lin_batchnorm': False, 'lr': 0.001}. Best is trial 275 with value: 0.21435055881738663.
[I 2025-08-12 15:46:51,262] Trial 451 finished with value: 1.0836393237113953 and parameters: {'conv_layers': 3, 'conv_activation': 'sigmoid', 'conv_kernel_size': 5, 'conv_batchnorm': False, 'adaptive_pool_size': 1, 'lin_layers': 3, 'lin_activation': 'relu', 'lin_batchnorm': False, 'lr': 0.001}. Best is trial 275 with value: 0.21435055881738663.
[I 2025-08-12 15:46:54,271] Trial 452 finished with value: 0.6406344771385193 and parameters: {'conv_layers': 3, 'conv_activation': 'sigmoid', 'conv_kernel_size': 5, 'conv_batchnorm': False, 'adaptive_pool_size': 3, 'lin_layers': 3, 'lin_activation': 'relu', 'lin_batchnorm': False, 'lr': 0.001}. Best is trial 275 with value: 0.21435055881738663.
[I 2025-08-12 15:46:55,939] Trial 453 pruned. 
[I 2025-08-12 15:46:58,804] Trial 454 finished with value: 1.052578866481781 and parameters: {'conv_layers': 3, 'conv_activation': 'sigmoid', 'conv_kernel_size': 5, 'conv_batchnorm': False, 'adaptive_pool_size': 3, 'lin_layers': 3, 'lin_activation': 'sigmoid', 'lin_batchnorm': False, 'lr': 0.001}. Best is trial 275 with value: 0.21435055881738663.
[I 2025-08-12 15:47:01,486] Trial 455 finished with value: 0.5804041922092438 and parameters: {'conv_layers': 3, 'conv_activation': 'sigmoid', 'conv_kernel_size': 5, 'conv_batchnorm': False, 'adaptive_pool_size': 3, 'lin_layers': 3, 'lin_activation': 'relu', 'lin_batchnorm': False, 'lr': 0.001}. Best is trial 275 with value: 0.21435055881738663.
[I 2025-08-12 15:47:03,860] Trial 456 finished with value: 1.0775266289710999 and parameters: {'conv_layers': 3, 'conv_activation': 'sigmoid', 'conv_kernel_size': 5, 'conv_batchnorm': False, 'adaptive_pool_size': 3, 'lin_layers': 3, 'lin_activation': 'relu', 'lin_batchnorm': False, 'lr': 0.001}. Best is trial 275 with value: 0.21435055881738663.
[I 2025-08-12 15:47:05,866] Trial 457 finished with value: 0.9750819504261017 and parameters: {'conv_layers': 3, 'conv_activation': 'sigmoid', 'conv_kernel_size': 3, 'conv_batchnorm': False, 'adaptive_pool_size': 3, 'lin_layers': 3, 'lin_activation': 'relu', 'lin_batchnorm': False, 'lr': 0.001}. Best is trial 275 with value: 0.21435055881738663.
[I 2025-08-12 15:47:06,688] Trial 458 pruned. 
[I 2025-08-12 15:47:09,191] Trial 459 finished with value: 0.6196385771036148 and parameters: {'conv_layers': 3, 'conv_activation': 'sigmoid', 'conv_kernel_size': 5, 'conv_batchnorm': False, 'adaptive_pool_size': 3, 'lin_layers': 3, 'lin_activation': 'relu', 'lin_batchnorm': False, 'lr': 0.001}. Best is trial 275 with value: 0.21435055881738663.
[I 2025-08-12 15:47:12,174] Trial 460 finished with value: 1.08725106716156 and parameters: {'conv_layers': 3, 'conv_activation': 'sigmoid', 'conv_kernel_size': 5, 'conv_batchnorm': False, 'adaptive_pool_size': 3, 'lin_layers': 3, 'lin_activation': 'relu', 'lin_batchnorm': False, 'lr': 0.001}. Best is trial 275 with value: 0.21435055881738663.
[I 2025-08-12 15:47:14,284] Trial 461 finished with value: 1.0551834404468536 and parameters: {'conv_layers': 3, 'conv_activation': 'sigmoid', 'conv_kernel_size': 5, 'conv_batchnorm': False, 'adaptive_pool_size': 3, 'lin_layers': 3, 'lin_activation': 'relu', 'lin_batchnorm': False, 'lr': 0.001}. Best is trial 275 with value: 0.21435055881738663.
[I 2025-08-12 15:47:15,731] Trial 462 pruned. 
[I 2025-08-12 15:47:18,788] Trial 463 finished with value: 0.6389452517032623 and parameters: {'conv_layers': 3, 'conv_activation': 'sigmoid', 'conv_kernel_size': 5, 'conv_batchnorm': False, 'adaptive_pool_size': 3, 'lin_layers': 3, 'lin_activation': 'relu', 'lin_batchnorm': False, 'lr': 0.001}. Best is trial 275 with value: 0.21435055881738663.
[I 2025-08-12 15:47:21,312] Trial 464 finished with value: 1.063508540391922 and parameters: {'conv_layers': 3, 'conv_activation': 'sigmoid', 'conv_kernel_size': 5, 'conv_batchnorm': False, 'adaptive_pool_size': 3, 'lin_layers': 3, 'lin_activation': 'relu', 'lin_batchnorm': False, 'lr': 0.005}. Best is trial 275 with value: 0.21435055881738663.
[I 2025-08-12 15:47:21,995] Trial 465 pruned. 
[I 2025-08-12 15:47:23,672] Trial 466 pruned. 
[I 2025-08-12 15:47:24,088] Trial 467 pruned. 
[I 2025-08-12 15:47:26,360] Trial 468 finished with value: 1.051998496055603 and parameters: {'conv_layers': 3, 'conv_activation': 'sigmoid', 'conv_kernel_size': 5, 'conv_batchnorm': False, 'adaptive_pool_size': 3, 'lin_layers': 3, 'lin_activation': 'relu', 'lin_batchnorm': False, 'lr': 0.05}. Best is trial 275 with value: 0.21435055881738663.
[I 2025-08-12 15:47:28,508] Trial 469 pruned. 
[I 2025-08-12 15:47:30,679] Trial 470 finished with value: 1.0778412520885468 and parameters: {'conv_layers': 3, 'conv_activation': 'sigmoid', 'conv_kernel_size': 5, 'conv_batchnorm': False, 'adaptive_pool_size': 3, 'lin_layers': 3, 'lin_activation': 'relu', 'lin_batchnorm': False, 'lr': 0.001}. Best is trial 275 with value: 0.21435055881738663.
[I 2025-08-12 15:47:33,479] Trial 471 finished with value: 0.8415759801864624 and parameters: {'conv_layers': 3, 'conv_activation': 'sigmoid', 'conv_kernel_size': 5, 'conv_batchnorm': False, 'adaptive_pool_size': 2, 'lin_layers': 3, 'lin_activation': 'relu', 'lin_batchnorm': False, 'lr': 0.001}. Best is trial 275 with value: 0.21435055881738663.
[I 2025-08-12 15:47:36,091] Trial 472 finished with value: 1.0386099815368652 and parameters: {'conv_layers': 3, 'conv_activation': 'sigmoid', 'conv_kernel_size': 5, 'conv_batchnorm': False, 'adaptive_pool_size': 3, 'lin_layers': 3, 'lin_activation': 'relu', 'lin_batchnorm': False, 'lr': 0.001}. Best is trial 275 with value: 0.21435055881738663.
[I 2025-08-12 15:47:39,062] Trial 473 finished with value: 0.7044310867786407 and parameters: {'conv_layers': 3, 'conv_activation': 'sigmoid', 'conv_kernel_size': 5, 'conv_batchnorm': False, 'adaptive_pool_size': 1, 'lin_layers': 3, 'lin_activation': 'relu', 'lin_batchnorm': False, 'lr': 0.001}. Best is trial 275 with value: 0.21435055881738663.
[I 2025-08-12 15:47:40,656] Trial 474 pruned. 
[I 2025-08-12 15:47:42,600] Trial 475 pruned. 
[I 2025-08-12 15:47:44,248] Trial 476 pruned. 
[I 2025-08-12 15:47:45,404] Trial 477 pruned. 
[I 2025-08-12 15:47:48,375] Trial 478 finished with value: 1.057180643081665 and parameters: {'conv_layers': 5, 'conv_activation': 'sigmoid', 'conv_kernel_size': 5, 'conv_batchnorm': False, 'adaptive_pool_size': 1, 'lin_layers': 3, 'lin_activation': 'relu', 'lin_batchnorm': False, 'lr': 0.001}. Best is trial 275 with value: 0.21435055881738663.
[I 2025-08-12 15:47:50,384] Trial 479 finished with value: 1.0599815249443054 and parameters: {'conv_layers': 3, 'conv_activation': 'sigmoid', 'conv_kernel_size': 3, 'conv_batchnorm': False, 'adaptive_pool_size': 1, 'lin_layers': 3, 'lin_activation': 'sigmoid', 'lin_batchnorm': False, 'lr': 0.001}. Best is trial 275 with value: 0.21435055881738663.
[I 2025-08-12 15:47:53,236] Trial 480 finished with value: 0.9342173635959625 and parameters: {'conv_layers': 3, 'conv_activation': 'sigmoid', 'conv_kernel_size': 5, 'conv_batchnorm': False, 'adaptive_pool_size': 1, 'lin_layers': 3, 'lin_activation': 'relu', 'lin_batchnorm': False, 'lr': 0.001}. Best is trial 275 with value: 0.21435055881738663.
[I 2025-08-12 15:47:54,022] Trial 481 pruned. 
[I 2025-08-12 15:47:55,172] Trial 482 pruned. 
[I 2025-08-12 15:47:57,448] Trial 483 finished with value: 1.0746397972106934 and parameters: {'conv_layers': 3, 'conv_activation': 'sigmoid', 'conv_kernel_size': 5, 'conv_batchnorm': False, 'adaptive_pool_size': 3, 'lin_layers': 3, 'lin_activation': 'relu', 'lin_batchnorm': False, 'lr': 0.001}. Best is trial 275 with value: 0.21435055881738663.
[I 2025-08-12 15:47:59,179] Trial 484 pruned. 
[I 2025-08-12 15:48:00,477] Trial 485 pruned. 
[I 2025-08-12 15:48:02,909] Trial 486 finished with value: 1.0624642372131348 and parameters: {'conv_layers': 3, 'conv_activation': 'sigmoid', 'conv_kernel_size': 5, 'conv_batchnorm': False, 'adaptive_pool_size': 3, 'lin_layers': 3, 'lin_activation': 'relu', 'lin_batchnorm': False, 'lr': 0.001}. Best is trial 275 with value: 0.21435055881738663.
[I 2025-08-12 15:48:05,463] Trial 487 finished with value: 0.6194835007190704 and parameters: {'conv_layers': 3, 'conv_activation': 'sigmoid', 'conv_kernel_size': 5, 'conv_batchnorm': False, 'adaptive_pool_size': 3, 'lin_layers': 3, 'lin_activation': 'relu', 'lin_batchnorm': False, 'lr': 0.001}. Best is trial 275 with value: 0.21435055881738663.
[I 2025-08-12 15:48:08,081] Trial 488 finished with value: 1.07080078125 and parameters: {'conv_layers': 3, 'conv_activation': 'sigmoid', 'conv_kernel_size': 5, 'conv_batchnorm': False, 'adaptive_pool_size': 3, 'lin_layers': 3, 'lin_activation': 'relu', 'lin_batchnorm': False, 'lr': 0.005}. Best is trial 275 with value: 0.21435055881738663.
[I 2025-08-12 15:48:10,477] Trial 489 finished with value: 1.0890116691589355 and parameters: {'conv_layers': 3, 'conv_activation': 'sigmoid', 'conv_kernel_size': 3, 'conv_batchnorm': False, 'adaptive_pool_size': 3, 'lin_layers': 3, 'lin_activation': 'relu', 'lin_batchnorm': False, 'lr': 0.001}. Best is trial 275 with value: 0.21435055881738663.
[I 2025-08-12 15:48:12,017] Trial 490 pruned. 
[I 2025-08-12 15:48:14,855] Trial 491 finished with value: 1.0425519049167633 and parameters: {'conv_layers': 3, 'conv_activation': 'sigmoid', 'conv_kernel_size': 5, 'conv_batchnorm': False, 'adaptive_pool_size': 3, 'lin_layers': 3, 'lin_activation': 'relu', 'lin_batchnorm': False, 'lr': 0.05}. Best is trial 275 with value: 0.21435055881738663.
[I 2025-08-12 15:48:17,371] Trial 492 finished with value: 1.0600678324699402 and parameters: {'conv_layers': 3, 'conv_activation': 'sigmoid', 'conv_kernel_size': 5, 'conv_batchnorm': False, 'adaptive_pool_size': 3, 'lin_layers': 3, 'lin_activation': 'relu', 'lin_batchnorm': False, 'lr': 0.001}. Best is trial 275 with value: 0.21435055881738663.
[I 2025-08-12 15:48:18,556] Trial 493 pruned. 
[I 2025-08-12 15:48:20,723] Trial 494 finished with value: 0.9817230701446533 and parameters: {'conv_layers': 3, 'conv_activation': 'sigmoid', 'conv_kernel_size': 5, 'conv_batchnorm': False, 'adaptive_pool_size': 3, 'lin_layers': 3, 'lin_activation': 'relu', 'lin_batchnorm': False, 'lr': 0.001}. Best is trial 275 with value: 0.21435055881738663.
[I 2025-08-12 15:48:21,272] Trial 495 pruned. 
[I 2025-08-12 15:48:24,217] Trial 496 finished with value: 1.065120816230774 and parameters: {'conv_layers': 3, 'conv_activation': 'sigmoid', 'conv_kernel_size': 5, 'conv_batchnorm': False, 'adaptive_pool_size': 3, 'lin_layers': 3, 'lin_activation': 'relu', 'lin_batchnorm': False, 'lr': 0.001}. Best is trial 275 with value: 0.21435055881738663.
[I 2025-08-12 15:48:26,635] Trial 497 finished with value: 1.0889021754264832 and parameters: {'conv_layers': 3, 'conv_activation': 'sigmoid', 'conv_kernel_size': 5, 'conv_batchnorm': False, 'adaptive_pool_size': 2, 'lin_layers': 3, 'lin_activation': 'relu', 'lin_batchnorm': False, 'lr': 0.001}. Best is trial 275 with value: 0.21435055881738663.
[I 2025-08-12 15:48:28,764] Trial 498 pruned. 
[I 2025-08-12 15:48:29,649] Trial 499 pruned. 
